[ 2017-08-09T00:00:00+08:00 ] 127.0.0.1 /web/index.php?m=Login&a=login
INFO: [ app_begin ] --START--
INFO: Run ReadHtmlCache Behavior [ RunTime:0.000908s ]
INFO: [ app_begin ] --END-- [ RunTime:0.001083s ]
INFO: [ view_parse ] --START--
INFO: Run ParseTemplate Behavior [ RunTime:-0.001409s ]
INFO: [ view_parse ] --END-- [ RunTime:0.013757s ]
INFO: [ view_filter ] --START--
INFO: Run ContentReplace Behavior [ RunTime:-0.015179s ]
INFO: Run TokenBuild Behavior [ RunTime:-0.015545s ]
INFO: Run WriteHtmlCache Behavior [ RunTime:-0.015904s ]
INFO: Run ShowRuntime Behavior [ RunTime:-0.016166s ]
INFO: [ view_filter ] --END-- [ RunTime:0.001442s ]
INFO: [ view_end ] --START--
INFO: Run ShowPageTrace Behavior [ RunTime:-0.016701s ]
INFO: [ view_end ] --END-- [ RunTime:0.000542s ]

[ 2017-08-09T00:00:19+08:00 ] 127.0.0.1 /web/index.php?m=Login&a=login
INFO: [ app_begin ] --START--
INFO: Run ReadHtmlCache Behavior [ RunTime:0.000396s ]
INFO: [ app_begin ] --END-- [ RunTime:0.000475s ]
INFO: [ view_parse ] --START--
INFO: Run ParseTemplate Behavior [ RunTime:-0.000564s ]
INFO: [ view_parse ] --END-- [ RunTime:0.010394s ]
INFO: [ view_filter ] --START--
INFO: Run ContentReplace Behavior [ RunTime:-0.011001s ]
INFO: Run TokenBuild Behavior [ RunTime:-0.011334s ]
INFO: Run WriteHtmlCache Behavior [ RunTime:-0.011650s ]
INFO: Run ShowRuntime Behavior [ RunTime:-0.011879s ]
INFO: [ view_filter ] --END-- [ RunTime:0.001274s ]
INFO: [ view_end ] --START--
INFO: Run ShowPageTrace Behavior [ RunTime:-0.012344s ]
INFO: [ view_end ] --END-- [ RunTime:0.000458s ]

[ 2017-08-09T00:00:32+08:00 ] 127.0.0.1 /web/index.php?m=Login&a=login
INFO: [ app_begin ] --START--
INFO: Run ReadHtmlCache Behavior [ RunTime:0.000426s ]
INFO: [ app_begin ] --END-- [ RunTime:0.000504s ]
INFO: [ view_parse ] --START--
INFO: Run ParseTemplate Behavior [ RunTime:-0.000575s ]
INFO: [ view_parse ] --END-- [ RunTime:0.009560s ]
INFO: [ view_filter ] --START--
INFO: Run ContentReplace Behavior [ RunTime:-0.010175s ]
INFO: Run TokenBuild Behavior [ RunTime:-0.010487s ]
INFO: Run WriteHtmlCache Behavior [ RunTime:-0.010794s ]
INFO: Run ShowRuntime Behavior [ RunTime:-0.011014s ]
INFO: [ view_filter ] --END-- [ RunTime:0.001224s ]
INFO: [ view_end ] --START--
INFO: Run ShowPageTrace Behavior [ RunTime:-0.011468s ]
INFO: [ view_end ] --END-- [ RunTime:0.000454s ]

[ 2017-08-09T00:00:33+08:00 ] 127.0.0.1 /web/index.php?m=Login&a=login
INFO: [ app_begin ] --START--
INFO: Run ReadHtmlCache Behavior [ RunTime:0.000371s ]
INFO: [ app_begin ] --END-- [ RunTime:0.000443s ]
INFO: [ view_parse ] --START--
INFO: Run ParseTemplate Behavior [ RunTime:-0.000550s ]
INFO: [ view_parse ] --END-- [ RunTime:0.006294s ]
INFO: [ view_filter ] --START--
INFO: Run ContentReplace Behavior [ RunTime:-0.006887s ]
INFO: Run TokenBuild Behavior [ RunTime:-0.007283s ]
INFO: Run WriteHtmlCache Behavior [ RunTime:-0.007643s ]
INFO: Run ShowRuntime Behavior [ RunTime:-0.007931s ]
INFO: [ view_filter ] --END-- [ RunTime:0.001546s ]
INFO: [ view_end ] --START--
INFO: Run ShowPageTrace Behavior [ RunTime:-0.008527s ]
INFO: [ view_end ] --END-- [ RunTime:0.000560s ]

[ 2017-08-09T00:00:33+08:00 ] 127.0.0.1 /web/index.php?m=Login&a=login
INFO: [ app_begin ] --START--
INFO: Run ReadHtmlCache Behavior [ RunTime:0.000391s ]
INFO: [ app_begin ] --END-- [ RunTime:0.000467s ]
INFO: [ view_parse ] --START--
INFO: Run ParseTemplate Behavior [ RunTime:-0.000607s ]
INFO: [ view_parse ] --END-- [ RunTime:0.007052s ]
INFO: [ view_filter ] --START--
INFO: Run ContentReplace Behavior [ RunTime:-0.007743s ]
INFO: Run TokenBuild Behavior [ RunTime:-0.008245s ]
INFO: Run WriteHtmlCache Behavior [ RunTime:-0.008704s ]
INFO: Run ShowRuntime Behavior [ RunTime:-0.009033s ]
INFO: [ view_filter ] --END-- [ RunTime:0.001873s ]
INFO: [ view_end ] --START--
INFO: Run ShowPageTrace Behavior [ RunTime:-0.009716s ]
INFO: [ view_end ] --END-- [ RunTime:0.000752s ]

[ 2017-08-09T00:00:33+08:00 ] 127.0.0.1 /web/index.php?m=Login&a=login
INFO: [ app_begin ] --START--
INFO: Run ReadHtmlCache Behavior [ RunTime:0.000612s ]
INFO: [ app_begin ] --END-- [ RunTime:0.000734s ]
INFO: [ view_parse ] --START--
INFO: Run ParseTemplate Behavior [ RunTime:-0.000707s ]
INFO: [ view_parse ] --END-- [ RunTime:0.006388s ]
INFO: [ view_filter ] --START--
INFO: Run ContentReplace Behavior [ RunTime:-0.007154s ]
INFO: Run TokenBuild Behavior [ RunTime:-0.007647s ]
INFO: Run WriteHtmlCache Behavior [ RunTime:-0.008045s ]
INFO: Run ShowRuntime Behavior [ RunTime:-0.008315s ]
INFO: [ view_filter ] --END-- [ RunTime:0.001652s ]
INFO: [ view_end ] --START--
INFO: Run ShowPageTrace Behavior [ RunTime:-0.008903s ]
INFO: [ view_end ] --END-- [ RunTime:0.000496s ]

[ 2017-08-09T00:01:08+08:00 ] 127.0.0.1 /web/index.php?m=Login&a=login
INFO: [ app_begin ] --START--
INFO: Run ReadHtmlCache Behavior [ RunTime:0.000379s ]
INFO: [ app_begin ] --END-- [ RunTime:0.000452s ]
INFO: [ view_parse ] --START--
INFO: Run ParseTemplate Behavior [ RunTime:-0.000579s ]
INFO: [ view_parse ] --END-- [ RunTime:0.017821s ]
INFO: [ view_filter ] --START--
INFO: Run ContentReplace Behavior [ RunTime:-0.018569s ]
INFO: Run TokenBuild Behavior [ RunTime:-0.019708s ]
INFO: Run WriteHtmlCache Behavior [ RunTime:-0.020889s ]
INFO: Run ShowRuntime Behavior [ RunTime:-0.021579s ]
INFO: [ view_filter ] --END-- [ RunTime:0.004037s ]
INFO: [ view_end ] --START--
INFO: Run ShowPageTrace Behavior [ RunTime:-0.022810s ]
INFO: [ view_end ] --END-- [ RunTime:0.001156s ]

[ 2017-08-09T00:01:09+08:00 ] 127.0.0.1 /web/index.php?m=Login&a=login
INFO: [ app_begin ] --START--
INFO: Run ReadHtmlCache Behavior [ RunTime:0.000408s ]
INFO: [ app_begin ] --END-- [ RunTime:0.000499s ]
INFO: [ view_parse ] --START--
INFO: Run ParseTemplate Behavior [ RunTime:-0.000608s ]
INFO: [ view_parse ] --END-- [ RunTime:0.006768s ]
INFO: [ view_filter ] --START--
INFO: Run ContentReplace Behavior [ RunTime:-0.007415s ]
INFO: Run TokenBuild Behavior [ RunTime:-0.007789s ]
INFO: Run WriteHtmlCache Behavior [ RunTime:-0.008124s ]
INFO: Run ShowRuntime Behavior [ RunTime:-0.008359s ]
INFO: [ view_filter ] --END-- [ RunTime:0.001359s ]
INFO: [ view_end ] --START--
INFO: Run ShowPageTrace Behavior [ RunTime:-0.008844s ]
INFO: [ view_end ] --END-- [ RunTime:0.000464s ]

[ 2017-08-09T00:01:10+08:00 ] 127.0.0.1 /web/index.php?m=Login&a=login
INFO: [ app_begin ] --START--
INFO: Run ReadHtmlCache Behavior [ RunTime:0.000553s ]
INFO: [ app_begin ] --END-- [ RunTime:0.000665s ]
INFO: [ view_parse ] --START--
INFO: Run ParseTemplate Behavior [ RunTime:-0.000785s ]
INFO: [ view_parse ] --END-- [ RunTime:0.008359s ]
INFO: [ view_filter ] --START--
INFO: Run ContentReplace Behavior [ RunTime:-0.009202s ]
INFO: Run TokenBuild Behavior [ RunTime:-0.009650s ]
INFO: Run WriteHtmlCache Behavior [ RunTime:-0.010080s ]
INFO: Run ShowRuntime Behavior [ RunTime:-0.010380s ]
INFO: [ view_filter ] --END-- [ RunTime:0.001726s ]
INFO: [ view_end ] --START--
INFO: Run ShowPageTrace Behavior [ RunTime:-0.011028s ]
INFO: [ view_end ] --END-- [ RunTime:0.000628s ]

[ 2017-08-09T00:01:10+08:00 ] 127.0.0.1 /web/index.php?m=Login&a=login
INFO: [ app_begin ] --START--
INFO: Run ReadHtmlCache Behavior [ RunTime:0.000712s ]
INFO: [ app_begin ] --END-- [ RunTime:0.000867s ]
INFO: [ view_parse ] --START--
INFO: Run ParseTemplate Behavior [ RunTime:-0.001059s ]
INFO: [ view_parse ] --END-- [ RunTime:0.007368s ]
INFO: [ view_filter ] --START--
INFO: Run ContentReplace Behavior [ RunTime:-0.008456s ]
INFO: Run TokenBuild Behavior [ RunTime:-0.008816s ]
INFO: Run WriteHtmlCache Behavior [ RunTime:-0.009139s ]
INFO: Run ShowRuntime Behavior [ RunTime:-0.009370s ]
INFO: [ view_filter ] --END-- [ RunTime:0.001319s ]
INFO: [ view_end ] --START--
INFO: Run ShowPageTrace Behavior [ RunTime:-0.009845s ]
INFO: [ view_end ] --END-- [ RunTime:0.000467s ]

[ 2017-08-09T00:01:13+08:00 ] 127.0.0.1 /web/index.php?m=Login&a=login
INFO: [ app_begin ] --START--
INFO: Run ReadHtmlCache Behavior [ RunTime:0.000571s ]
INFO: [ app_begin ] --END-- [ RunTime:0.000676s ]
INFO: [ view_parse ] --START--
INFO: Run ParseTemplate Behavior [ RunTime:-0.000755s ]
INFO: [ view_parse ] --END-- [ RunTime:0.006679s ]
INFO: [ view_filter ] --START--
INFO: Run ContentReplace Behavior [ RunTime:-0.007476s ]
INFO: Run TokenBuild Behavior [ RunTime:-0.007859s ]
INFO: Run WriteHtmlCache Behavior [ RunTime:-0.008225s ]
INFO: Run ShowRuntime Behavior [ RunTime:-0.008466s ]
INFO: [ view_filter ] --END-- [ RunTime:0.001402s ]
INFO: [ view_end ] --START--
INFO: Run ShowPageTrace Behavior [ RunTime:-0.008956s ]
INFO: [ view_end ] --END-- [ RunTime:0.000469s ]

[ 2017-08-09T00:01:30+08:00 ] 127.0.0.1 /web/index.php?m=Login&a=login
INFO: [ app_begin ] --START--
INFO: Run ReadHtmlCache Behavior [ RunTime:0.000467s ]
INFO: [ app_begin ] --END-- [ RunTime:0.000539s ]
INFO: [ view_parse ] --START--
INFO: Run ParseTemplate Behavior [ RunTime:-0.000727s ]
INFO: [ view_parse ] --END-- [ RunTime:0.014495s ]
INFO: [ view_filter ] --START--
INFO: Run ContentReplace Behavior [ RunTime:-0.015455s ]
INFO: Run TokenBuild Behavior [ RunTime:-0.016934s ]
INFO: Run WriteHtmlCache Behavior [ RunTime:-0.018402s ]
INFO: Run ShowRuntime Behavior [ RunTime:-0.019467s ]
INFO: [ view_filter ] --END-- [ RunTime:0.006014s ]
INFO: [ view_end ] --START--
INFO: Run ShowPageTrace Behavior [ RunTime:-0.021851s ]
INFO: [ view_end ] --END-- [ RunTime:0.002148s ]

[ 2017-08-09T00:01:46+08:00 ] 127.0.0.1 /web/index.php?m=Login&a=login
INFO: [ app_begin ] --START--
INFO: Run ReadHtmlCache Behavior [ RunTime:0.000457s ]
INFO: [ app_begin ] --END-- [ RunTime:0.000524s ]
INFO: [ view_parse ] --START--
INFO: Run ParseTemplate Behavior [ RunTime:-0.000711s ]
INFO: [ view_parse ] --END-- [ RunTime:0.020782s ]
INFO: [ view_filter ] --START--
INFO: Run ContentReplace Behavior [ RunTime:-0.021680s ]
INFO: Run TokenBuild Behavior [ RunTime:-0.022495s ]
INFO: Run WriteHtmlCache Behavior [ RunTime:-0.023340s ]
INFO: Run ShowRuntime Behavior [ RunTime:-0.023920s ]
INFO: [ view_filter ] --END-- [ RunTime:0.003180s ]
INFO: [ view_end ] --START--
INFO: Run ShowPageTrace Behavior [ RunTime:-0.025023s ]
INFO: [ view_end ] --END-- [ RunTime:0.001101s ]

[ 2017-08-09T00:01:54+08:00 ] 127.0.0.1 /web/index.php?m=Login&a=login
INFO: [ app_begin ] --START--
INFO: Run ReadHtmlCache Behavior [ RunTime:0.000415s ]
INFO: [ app_begin ] --END-- [ RunTime:0.000497s ]
INFO: [ view_parse ] --START--
INFO: Run ParseTemplate Behavior [ RunTime:-0.000692s ]
INFO: [ view_parse ] --END-- [ RunTime:0.014133s ]
INFO: [ view_filter ] --START--
INFO: Run ContentReplace Behavior [ RunTime:-0.014879s ]
INFO: Run TokenBuild Behavior [ RunTime:-0.015326s ]
INFO: Run WriteHtmlCache Behavior [ RunTime:-0.015685s ]
INFO: Run ShowRuntime Behavior [ RunTime:-0.015932s ]
INFO: [ view_filter ] --END-- [ RunTime:0.001482s ]
INFO: [ view_end ] --START--
INFO: Run ShowPageTrace Behavior [ RunTime:-0.016436s ]
INFO: [ view_end ] --END-- [ RunTime:0.000523s ]

[ 2017-08-09T00:02:04+08:00 ] 127.0.0.1 /web/index.php?m=Login&a=login
INFO: [ app_begin ] --START--
INFO: Run ReadHtmlCache Behavior [ RunTime:0.000388s ]
INFO: [ app_begin ] --END-- [ RunTime:0.000463s ]
INFO: [ view_parse ] --START--
INFO: Run ParseTemplate Behavior [ RunTime:-0.000575s ]
INFO: [ view_parse ] --END-- [ RunTime:0.005972s ]
INFO: [ view_filter ] --START--
INFO: Run ContentReplace Behavior [ RunTime:-0.006591s ]
INFO: Run TokenBuild Behavior [ RunTime:-0.006936s ]
INFO: Run WriteHtmlCache Behavior [ RunTime:-0.007263s ]
INFO: Run ShowRuntime Behavior [ RunTime:-0.007493s ]
INFO: [ view_filter ] --END-- [ RunTime:0.001303s ]
INFO: [ view_end ] --START--
INFO: Run ShowPageTrace Behavior [ RunTime:-0.007967s ]
INFO: [ view_end ] --END-- [ RunTime:0.000471s ]

[ 2017-08-09T00:02:06+08:00 ] 127.0.0.1 /web/index.php?m=Login&a=login
INFO: [ app_begin ] --START--
INFO: Run ReadHtmlCache Behavior [ RunTime:0.000623s ]
INFO: [ app_begin ] --END-- [ RunTime:0.000776s ]
INFO: [ view_parse ] --START--
INFO: Run ParseTemplate Behavior [ RunTime:-0.001018s ]
INFO: [ view_parse ] --END-- [ RunTime:0.007993s ]
INFO: [ view_filter ] --START--
INFO: Run ContentReplace Behavior [ RunTime:-0.009035s ]
INFO: Run TokenBuild Behavior [ RunTime:-0.009369s ]
INFO: Run WriteHtmlCache Behavior [ RunTime:-0.009723s ]
INFO: Run ShowRuntime Behavior [ RunTime:-0.009995s ]
INFO: [ view_filter ] --END-- [ RunTime:0.001391s ]
INFO: [ view_end ] --START--
INFO: Run ShowPageTrace Behavior [ RunTime:-0.010515s ]
INFO: [ view_end ] --END-- [ RunTime:0.000492s ]

[ 2017-08-09T00:02:06+08:00 ] 127.0.0.1 /web/index.php?m=Login&a=login
INFO: [ app_begin ] --START--
INFO: Run ReadHtmlCache Behavior [ RunTime:0.000398s ]
INFO: [ app_begin ] --END-- [ RunTime:0.000482s ]
INFO: [ view_parse ] --START--
INFO: Run ParseTemplate Behavior [ RunTime:-0.000587s ]
INFO: [ view_parse ] --END-- [ RunTime:0.006274s ]
INFO: [ view_filter ] --START--
INFO: Run ContentReplace Behavior [ RunTime:-0.006905s ]
INFO: Run TokenBuild Behavior [ RunTime:-0.007316s ]
INFO: Run WriteHtmlCache Behavior [ RunTime:-0.007834s ]
INFO: Run ShowRuntime Behavior [ RunTime:-0.008201s ]
INFO: [ view_filter ] --END-- [ RunTime:0.001760s ]
INFO: [ view_end ] --START--
INFO: Run ShowPageTrace Behavior [ RunTime:-0.008745s ]
INFO: [ view_end ] --END-- [ RunTime:0.000643s ]

[ 2017-08-09T00:02:07+08:00 ] 127.0.0.1 /web/index.php?m=Login&a=login
INFO: [ app_begin ] --START--
INFO: Run ReadHtmlCache Behavior [ RunTime:0.000601s ]
INFO: [ app_begin ] --END-- [ RunTime:0.000682s ]
INFO: [ view_parse ] --START--
INFO: Run ParseTemplate Behavior [ RunTime:-0.001228s ]
INFO: [ view_parse ] --END-- [ RunTime:0.008597s ]
INFO: [ view_filter ] --START--
INFO: Run ContentReplace Behavior [ RunTime:-0.009842s ]
INFO: Run TokenBuild Behavior [ RunTime:-0.010201s ]
INFO: Run WriteHtmlCache Behavior [ RunTime:-0.010533s ]
INFO: Run ShowRuntime Behavior [ RunTime:-0.010765s ]
INFO: [ view_filter ] --END-- [ RunTime:0.001334s ]
INFO: [ view_end ] --START--
INFO: Run ShowPageTrace Behavior [ RunTime:-0.011246s ]
INFO: [ view_end ] --END-- [ RunTime:0.000475s ]

[ 2017-08-09T00:02:13+08:00 ] 127.0.0.1 /web/index.php?m=Login&a=login
INFO: [ app_begin ] --START--
INFO: Run ReadHtmlCache Behavior [ RunTime:0.000726s ]
INFO: [ app_begin ] --END-- [ RunTime:0.000839s ]
INFO: [ view_parse ] --START--
INFO: Run ParseTemplate Behavior [ RunTime:-0.000846s ]
INFO: [ view_parse ] --END-- [ RunTime:0.014589s ]
INFO: [ view_filter ] --START--
INFO: Run ContentReplace Behavior [ RunTime:-0.015464s ]
INFO: Run TokenBuild Behavior [ RunTime:-0.015800s ]
INFO: Run WriteHtmlCache Behavior [ RunTime:-0.016129s ]
INFO: Run ShowRuntime Behavior [ RunTime:-0.016359s ]
INFO: [ view_filter ] --END-- [ RunTime:0.001296s ]
INFO: [ view_end ] --START--
INFO: Run ShowPageTrace Behavior [ RunTime:-0.016835s ]
INFO: [ view_end ] --END-- [ RunTime:0.000470s ]

[ 2017-08-09T00:02:17+08:00 ] 127.0.0.1 /web/index.php?m=Login&a=reg
INFO: [ app_begin ] --START--
INFO: Run ReadHtmlCache Behavior [ RunTime:0.000407s ]
INFO: [ app_begin ] --END-- [ RunTime:0.000485s ]
INFO: [ view_parse ] --START--
INFO: Run ParseTemplate Behavior [ RunTime:-0.000598s ]
INFO: [ view_parse ] --END-- [ RunTime:0.011772s ]
INFO: [ view_filter ] --START--
INFO: Run ContentReplace Behavior [ RunTime:-0.012434s ]
INFO: Run TokenBuild Behavior [ RunTime:-0.012904s ]
INFO: Run WriteHtmlCache Behavior [ RunTime:-0.013371s ]
INFO: Run ShowRuntime Behavior [ RunTime:-0.013650s ]
INFO: [ view_filter ] --END-- [ RunTime:0.001721s ]
INFO: [ view_end ] --START--
INFO: Run ShowPageTrace Behavior [ RunTime:-0.014221s ]
INFO: [ view_end ] --END-- [ RunTime:0.000602s ]

[ 2017-08-09T00:02:51+08:00 ] 127.0.0.1 /web/index.php?m=Login&a=login
INFO: [ app_begin ] --START--
INFO: Run ReadHtmlCache Behavior [ RunTime:0.000389s ]
INFO: [ app_begin ] --END-- [ RunTime:0.000466s ]
INFO: [ view_parse ] --START--
INFO: Run ParseTemplate Behavior [ RunTime:-0.000576s ]
INFO: [ view_parse ] --END-- [ RunTime:0.005938s ]
INFO: [ view_filter ] --START--
INFO: Run ContentReplace Behavior [ RunTime:-0.006559s ]
INFO: Run TokenBuild Behavior [ RunTime:-0.006884s ]
INFO: Run WriteHtmlCache Behavior [ RunTime:-0.007202s ]
INFO: Run ShowRuntime Behavior [ RunTime:-0.007429s ]
INFO: [ view_filter ] --END-- [ RunTime:0.001271s ]
INFO: [ view_end ] --START--
INFO: Run ShowPageTrace Behavior [ RunTime:-0.007898s ]
INFO: [ view_end ] --END-- [ RunTime:0.000460s ]

[ 2017-08-09T00:02:59+08:00 ] 127.0.0.1 /web/index.php?m=Login&a=login
INFO: [ app_begin ] --START--
INFO: Run ReadHtmlCache Behavior [ RunTime:0.000515s ]
INFO: [ app_begin ] --END-- [ RunTime:0.000593s ]
INFO: [ view_parse ] --START--
INFO: Run ParseTemplate Behavior [ RunTime:-0.000578s ]
INFO: [ view_parse ] --END-- [ RunTime:0.006145s ]
INFO: [ view_filter ] --START--
INFO: Run ContentReplace Behavior [ RunTime:-0.006784s ]
INFO: Run TokenBuild Behavior [ RunTime:-0.007168s ]
INFO: Run WriteHtmlCache Behavior [ RunTime:-0.007526s ]
INFO: Run ShowRuntime Behavior [ RunTime:-0.007784s ]
INFO: [ view_filter ] --END-- [ RunTime:0.001417s ]
INFO: [ view_end ] --START--
INFO: Run ShowPageTrace Behavior [ RunTime:-0.008262s ]
INFO: [ view_end ] --END-- [ RunTime:0.000465s ]

[ 2017-08-09T00:03:16+08:00 ] 127.0.0.1 /web/index.php?m=Login&a=login
INFO: [ app_begin ] --START--
INFO: Run ReadHtmlCache Behavior [ RunTime:0.000409s ]
INFO: [ app_begin ] --END-- [ RunTime:0.000491s ]
INFO: [ view_parse ] --START--
INFO: Run ParseTemplate Behavior [ RunTime:-0.000637s ]
INFO: [ view_parse ] --END-- [ RunTime:0.005945s ]
INFO: [ view_filter ] --START--
INFO: Run ContentReplace Behavior [ RunTime:-0.006624s ]
INFO: Run TokenBuild Behavior [ RunTime:-0.006955s ]
INFO: Run WriteHtmlCache Behavior [ RunTime:-0.007276s ]
INFO: Run ShowRuntime Behavior [ RunTime:-0.007504s ]
INFO: [ view_filter ] --END-- [ RunTime:0.001297s ]
INFO: [ view_end ] --START--
INFO: Run ShowPageTrace Behavior [ RunTime:-0.007989s ]
INFO: [ view_end ] --END-- [ RunTime:0.000477s ]

[ 2017-08-09T00:03:20+08:00 ] 127.0.0.1 /web/index.php?m=Login&a=login
INFO: [ app_begin ] --START--
INFO: Run ReadHtmlCache Behavior [ RunTime:0.000404s ]
INFO: [ app_begin ] --END-- [ RunTime:0.000484s ]
INFO: [ view_parse ] --START--
INFO: Run ParseTemplate Behavior [ RunTime:-0.000581s ]
INFO: [ view_parse ] --END-- [ RunTime:0.005901s ]
INFO: [ view_filter ] --START--
INFO: Run ContentReplace Behavior [ RunTime:-0.006526s ]
INFO: Run TokenBuild Behavior [ RunTime:-0.006976s ]
INFO: Run WriteHtmlCache Behavior [ RunTime:-0.007421s ]
INFO: Run ShowRuntime Behavior [ RunTime:-0.007666s ]
INFO: [ view_filter ] --END-- [ RunTime:0.001551s ]
INFO: [ view_end ] --START--
INFO: Run ShowPageTrace Behavior [ RunTime:-0.008146s ]
INFO: [ view_end ] --END-- [ RunTime:0.000466s ]

[ 2017-08-09T00:03:24+08:00 ] 127.0.0.1 /web/index.php?m=Login&a=login
INFO: [ app_begin ] --START--
INFO: Run ReadHtmlCache Behavior [ RunTime:0.000591s ]
INFO: [ app_begin ] --END-- [ RunTime:0.000672s ]
INFO: [ view_parse ] --START--
INFO: Run ParseTemplate Behavior [ RunTime:-0.000816s ]
INFO: [ view_parse ] --END-- [ RunTime:0.007217s ]
INFO: [ view_filter ] --START--
INFO: Run ContentReplace Behavior [ RunTime:-0.008086s ]
INFO: Run TokenBuild Behavior [ RunTime:-0.008477s ]
INFO: Run WriteHtmlCache Behavior [ RunTime:-0.008857s ]
INFO: Run ShowRuntime Behavior [ RunTime:-0.009150s ]
INFO: [ view_filter ] --END-- [ RunTime:0.001558s ]
INFO: [ view_end ] --START--
INFO: Run ShowPageTrace Behavior [ RunTime:-0.009771s ]
INFO: [ view_end ] --END-- [ RunTime:0.000720s ]

[ 2017-08-09T00:03:33+08:00 ] 127.0.0.1 /web/index.php?m=Login&a=login
INFO: [ app_begin ] --START--
INFO: Run ReadHtmlCache Behavior [ RunTime:0.000392s ]
INFO: [ app_begin ] --END-- [ RunTime:0.000468s ]
INFO: [ view_parse ] --START--
INFO: Run ParseTemplate Behavior [ RunTime:-0.000570s ]
INFO: [ view_parse ] --END-- [ RunTime:0.006341s ]
INFO: [ view_filter ] --START--
INFO: Run ContentReplace Behavior [ RunTime:-0.006992s ]
INFO: Run TokenBuild Behavior [ RunTime:-0.007440s ]
INFO: Run WriteHtmlCache Behavior [ RunTime:-0.007814s ]
INFO: Run ShowRuntime Behavior [ RunTime:-0.008123s ]
INFO: [ view_filter ] --END-- [ RunTime:0.001664s ]
INFO: [ view_end ] --START--
INFO: Run ShowPageTrace Behavior [ RunTime:-0.008770s ]
INFO: [ view_end ] --END-- [ RunTime:0.000716s ]

[ 2017-08-09T00:03:48+08:00 ] 127.0.0.1 /web/index.php?m=Login&a=login
INFO: [ app_begin ] --START--
INFO: Run ReadHtmlCache Behavior [ RunTime:0.000472s ]
INFO: [ app_begin ] --END-- [ RunTime:0.000542s ]
INFO: [ view_parse ] --START--
INFO: Run ParseTemplate Behavior [ RunTime:-0.000738s ]
INFO: [ view_parse ] --END-- [ RunTime:0.013248s ]
INFO: [ view_filter ] --START--
INFO: Run ContentReplace Behavior [ RunTime:-0.014081s ]
INFO: Run TokenBuild Behavior [ RunTime:-0.014748s ]
INFO: Run WriteHtmlCache Behavior [ RunTime:-0.015293s ]
INFO: Run ShowRuntime Behavior [ RunTime:-0.015664s ]
INFO: [ view_filter ] --END-- [ RunTime:0.002224s ]
INFO: [ view_end ] --START--
INFO: Run ShowPageTrace Behavior [ RunTime:-0.016421s ]
INFO: [ view_end ] --END-- [ RunTime:0.000752s ]

[ 2017-08-09T00:03:51+08:00 ] 127.0.0.1 /web/index.php?m=Login&a=login
INFO: [ app_begin ] --START--
INFO: Run ReadHtmlCache Behavior [ RunTime:0.000371s ]
INFO: [ app_begin ] --END-- [ RunTime:0.000438s ]
INFO: [ view_parse ] --START--
INFO: Run ParseTemplate Behavior [ RunTime:-0.000571s ]
INFO: [ view_parse ] --END-- [ RunTime:0.006363s ]
INFO: [ view_filter ] --START--
INFO: Run ContentReplace Behavior [ RunTime:-0.006988s ]
INFO: Run TokenBuild Behavior [ RunTime:-0.007314s ]
INFO: Run WriteHtmlCache Behavior [ RunTime:-0.007628s ]
INFO: Run ShowRuntime Behavior [ RunTime:-0.007852s ]
INFO: [ view_filter ] --END-- [ RunTime:0.001258s ]
INFO: [ view_end ] --START--
INFO: Run ShowPageTrace Behavior [ RunTime:-0.008327s ]
INFO: [ view_end ] --END-- [ RunTime:0.000466s ]

[ 2017-08-09T00:03:52+08:00 ] 127.0.0.1 /web/index.php?m=Login&a=reg
INFO: [ app_begin ] --START--
INFO: Run ReadHtmlCache Behavior [ RunTime:0.000395s ]
INFO: [ app_begin ] --END-- [ RunTime:0.000474s ]
INFO: [ view_parse ] --START--
INFO: Run ParseTemplate Behavior [ RunTime:-0.000598s ]
INFO: [ view_parse ] --END-- [ RunTime:0.012894s ]
INFO: [ view_filter ] --START--
INFO: Run ContentReplace Behavior [ RunTime:-0.013536s ]
INFO: Run TokenBuild Behavior [ RunTime:-0.013892s ]
INFO: Run WriteHtmlCache Behavior [ RunTime:-0.014216s ]
INFO: Run ShowRuntime Behavior [ RunTime:-0.014448s ]
INFO: [ view_filter ] --END-- [ RunTime:0.001318s ]
INFO: [ view_end ] --START--
INFO: Run ShowPageTrace Behavior [ RunTime:-0.014921s ]
INFO: [ view_end ] --END-- [ RunTime:0.000463s ]

[ 2017-08-09T00:03:54+08:00 ] 127.0.0.1 /web/index.php?m=Login&a=login
INFO: [ app_begin ] --START--
INFO: Run ReadHtmlCache Behavior [ RunTime:0.000736s ]
INFO: [ app_begin ] --END-- [ RunTime:0.000881s ]
INFO: [ view_parse ] --START--
INFO: Run ParseTemplate Behavior [ RunTime:-0.000957s ]
INFO: [ view_parse ] --END-- [ RunTime:0.007007s ]
INFO: [ view_filter ] --START--
INFO: Run ContentReplace Behavior [ RunTime:-0.008028s ]
INFO: Run TokenBuild Behavior [ RunTime:-0.008421s ]
INFO: Run WriteHtmlCache Behavior [ RunTime:-0.008766s ]
INFO: Run ShowRuntime Behavior [ RunTime:-0.009006s ]
INFO: [ view_filter ] --END-- [ RunTime:0.001378s ]
INFO: [ view_end ] --START--
INFO: Run ShowPageTrace Behavior [ RunTime:-0.009485s ]
INFO: [ view_end ] --END-- [ RunTime:0.000524s ]

[ 2017-08-09T00:03:54+08:00 ] 127.0.0.1 /web/index.php?m=Login&a=reg
INFO: [ app_begin ] --START--
INFO: Run ReadHtmlCache Behavior [ RunTime:0.000585s ]
INFO: [ app_begin ] --END-- [ RunTime:0.000702s ]
INFO: [ view_parse ] --START--
INFO: Run ParseTemplate Behavior [ RunTime:-0.000902s ]
INFO: [ view_parse ] --END-- [ RunTime:0.007236s ]
INFO: [ view_filter ] --START--
INFO: Run ContentReplace Behavior [ RunTime:-0.008164s ]
INFO: Run TokenBuild Behavior [ RunTime:-0.008523s ]
INFO: Run WriteHtmlCache Behavior [ RunTime:-0.008899s ]
INFO: Run ShowRuntime Behavior [ RunTime:-0.009140s ]
INFO: [ view_filter ] --END-- [ RunTime:0.001399s ]
INFO: [ view_end ] --START--
INFO: Run ShowPageTrace Behavior [ RunTime:-0.009632s ]
INFO: [ view_end ] --END-- [ RunTime:0.000487s ]

[ 2017-08-09T00:04:16+08:00 ] 127.0.0.1 /web/index.php?m=Login&a=reg
INFO: [ app_begin ] --START--
INFO: Run ReadHtmlCache Behavior [ RunTime:0.000586s ]
INFO: [ app_begin ] --END-- [ RunTime:0.000707s ]
INFO: [ view_parse ] --START--
INFO: Run ParseTemplate Behavior [ RunTime:-0.000718s ]
INFO: [ view_parse ] --END-- [ RunTime:0.010929s ]
INFO: [ view_filter ] --START--
INFO: Run ContentReplace Behavior [ RunTime:-0.011687s ]
INFO: Run TokenBuild Behavior [ RunTime:-0.012027s ]
INFO: Run WriteHtmlCache Behavior [ RunTime:-0.012351s ]
INFO: Run ShowRuntime Behavior [ RunTime:-0.012581s ]
INFO: [ view_filter ] --END-- [ RunTime:0.001348s ]
INFO: [ view_end ] --START--
INFO: Run ShowPageTrace Behavior [ RunTime:-0.013115s ]
INFO: [ view_end ] --END-- [ RunTime:0.000504s ]

[ 2017-08-09T00:04:17+08:00 ] 127.0.0.1 /web/index.php?m=Login&a=reg
INFO: [ app_begin ] --START--
INFO: Run ReadHtmlCache Behavior [ RunTime:0.000367s ]
INFO: [ app_begin ] --END-- [ RunTime:0.000435s ]
INFO: [ view_parse ] --START--
INFO: Run ParseTemplate Behavior [ RunTime:-0.000571s ]
INFO: [ view_parse ] --END-- [ RunTime:0.006514s ]
INFO: [ view_filter ] --START--
INFO: Run ContentReplace Behavior [ RunTime:-0.007177s ]
INFO: Run TokenBuild Behavior [ RunTime:-0.007625s ]
INFO: Run WriteHtmlCache Behavior [ RunTime:-0.008070s ]
INFO: Run ShowRuntime Behavior [ RunTime:-0.008404s ]
INFO: [ view_filter ] --END-- [ RunTime:0.001846s ]
INFO: [ view_end ] --START--
INFO: Run ShowPageTrace Behavior [ RunTime:-0.009166s ]
INFO: [ view_end ] --END-- [ RunTime:0.000808s ]

[ 2017-08-09T00:04:17+08:00 ] 127.0.0.1 /web/index.php?m=Login&a=reg
INFO: [ app_begin ] --START--
INFO: Run ReadHtmlCache Behavior [ RunTime:0.000391s ]
INFO: [ app_begin ] --END-- [ RunTime:0.000467s ]
INFO: [ view_parse ] --START--
INFO: Run ParseTemplate Behavior [ RunTime:-0.000596s ]
INFO: [ view_parse ] --END-- [ RunTime:0.008196s ]
INFO: [ view_filter ] --START--
INFO: Run ContentReplace Behavior [ RunTime:-0.008839s ]
INFO: Run TokenBuild Behavior [ RunTime:-0.009270s ]
INFO: Run WriteHtmlCache Behavior [ RunTime:-0.009606s ]
INFO: Run ShowRuntime Behavior [ RunTime:-0.009833s ]
INFO: [ view_filter ] --END-- [ RunTime:0.001403s ]
INFO: [ view_end ] --START--
INFO: Run ShowPageTrace Behavior [ RunTime:-0.010298s ]
INFO: [ view_end ] --END-- [ RunTime:0.000468s ]

[ 2017-08-09T00:04:17+08:00 ] 127.0.0.1 /web/index.php?m=Login&a=reg
INFO: [ app_begin ] --START--
INFO: Run ReadHtmlCache Behavior [ RunTime:0.000363s ]
INFO: [ app_begin ] --END-- [ RunTime:0.000432s ]
INFO: [ view_parse ] --START--
INFO: Run ParseTemplate Behavior [ RunTime:-0.000563s ]
INFO: [ view_parse ] --END-- [ RunTime:0.008162s ]
INFO: [ view_filter ] --START--
INFO: Run ContentReplace Behavior [ RunTime:-0.008798s ]
INFO: Run TokenBuild Behavior [ RunTime:-0.009205s ]
INFO: Run WriteHtmlCache Behavior [ RunTime:-0.009594s ]
INFO: Run ShowRuntime Behavior [ RunTime:-0.009827s ]
INFO: [ view_filter ] --END-- [ RunTime:0.001438s ]
INFO: [ view_end ] --START--
INFO: Run ShowPageTrace Behavior [ RunTime:-0.010338s ]
INFO: [ view_end ] --END-- [ RunTime:0.000482s ]

[ 2017-08-09T00:04:41+08:00 ] 127.0.0.1 /web/index.php?m=Login&a=reg
INFO: [ app_begin ] --START--
INFO: Run ReadHtmlCache Behavior [ RunTime:0.000433s ]
INFO: [ app_begin ] --END-- [ RunTime:0.000526s ]
INFO: [ view_parse ] --START--
INFO: Run ParseTemplate Behavior [ RunTime:-0.000581s ]
INFO: [ view_parse ] --END-- [ RunTime:0.012834s ]
INFO: [ view_filter ] --START--
INFO: Run ContentReplace Behavior [ RunTime:-0.013464s ]
INFO: Run TokenBuild Behavior [ RunTime:-0.013820s ]
INFO: Run WriteHtmlCache Behavior [ RunTime:-0.014144s ]
INFO: Run ShowRuntime Behavior [ RunTime:-0.014368s ]
INFO: [ view_filter ] --END-- [ RunTime:0.001306s ]
INFO: [ view_end ] --START--
INFO: Run ShowPageTrace Behavior [ RunTime:-0.014836s ]
INFO: [ view_end ] --END-- [ RunTime:0.000570s ]

[ 2017-08-09T00:05:16+08:00 ] 127.0.0.1 /web/index.php?m=Login&a=reg
INFO: [ app_begin ] --START--
INFO: Run ReadHtmlCache Behavior [ RunTime:0.000371s ]
INFO: [ app_begin ] --END-- [ RunTime:0.000438s ]
INFO: [ view_parse ] --START--
INFO: Run ParseTemplate Behavior [ RunTime:-0.000567s ]
INFO: [ view_parse ] --END-- [ RunTime:0.013321s ]
INFO: [ view_filter ] --START--
INFO: Run ContentReplace Behavior [ RunTime:-0.013982s ]
INFO: Run TokenBuild Behavior [ RunTime:-0.014469s ]
INFO: Run WriteHtmlCache Behavior [ RunTime:-0.014911s ]
INFO: Run ShowRuntime Behavior [ RunTime:-0.015217s ]
INFO: [ view_filter ] --END-- [ RunTime:0.001823s ]
INFO: [ view_end ] --START--
INFO: Run ShowPageTrace Behavior [ RunTime:-0.015928s ]
INFO: [ view_end ] --END-- [ RunTime:0.000671s ]

[ 2017-08-09T00:05:24+08:00 ] 127.0.0.1 /web/index.php?m=Login&a=reg
INFO: [ app_begin ] --START--
INFO: Run ReadHtmlCache Behavior [ RunTime:0.000400s ]
INFO: [ app_begin ] --END-- [ RunTime:0.000477s ]
INFO: [ view_parse ] --START--
INFO: Run ParseTemplate Behavior [ RunTime:-0.000577s ]
INFO: [ view_parse ] --END-- [ RunTime:0.013212s ]
INFO: [ view_filter ] --START--
INFO: Run ContentReplace Behavior [ RunTime:-0.013878s ]
INFO: Run TokenBuild Behavior [ RunTime:-0.014389s ]
INFO: Run WriteHtmlCache Behavior [ RunTime:-0.014888s ]
INFO: Run ShowRuntime Behavior [ RunTime:-0.015220s ]
INFO: [ view_filter ] --END-- [ RunTime:0.002004s ]
INFO: [ view_end ] --START--
INFO: Run ShowPageTrace Behavior [ RunTime:-0.015983s ]
INFO: [ view_end ] --END-- [ RunTime:0.000691s ]

[ 2017-08-09T00:05:29+08:00 ] 127.0.0.1 /web/index.php?m=Login&a=reg
INFO: [ app_begin ] --START--
INFO: Run ReadHtmlCache Behavior [ RunTime:0.000488s ]
INFO: [ app_begin ] --END-- [ RunTime:0.000564s ]
INFO: [ view_parse ] --START--
INFO: Run ParseTemplate Behavior [ RunTime:-0.000775s ]
INFO: [ view_parse ] --END-- [ RunTime:0.011325s ]
INFO: [ view_filter ] --START--
INFO: Run ContentReplace Behavior [ RunTime:-0.012164s ]
INFO: Run TokenBuild Behavior [ RunTime:-0.012737s ]
INFO: Run WriteHtmlCache Behavior [ RunTime:-0.013158s ]
INFO: Run ShowRuntime Behavior [ RunTime:-0.013482s ]
INFO: [ view_filter ] --END-- [ RunTime:0.001776s ]
INFO: [ view_end ] --START--
INFO: Run ShowPageTrace Behavior [ RunTime:-0.014001s ]
INFO: [ view_end ] --END-- [ RunTime:0.000552s ]

[ 2017-08-09T00:05:42+08:00 ] 127.0.0.1 /web/index.php?m=Login&a=reg
INFO: [ app_begin ] --START--
INFO: Run ReadHtmlCache Behavior [ RunTime:0.000374s ]
INFO: [ app_begin ] --END-- [ RunTime:0.000441s ]
INFO: [ view_parse ] --START--
INFO: Run ParseTemplate Behavior [ RunTime:-0.000565s ]
INFO: [ view_parse ] --END-- [ RunTime:0.013948s ]
INFO: [ view_filter ] --START--
INFO: Run ContentReplace Behavior [ RunTime:-0.014618s ]
INFO: Run TokenBuild Behavior [ RunTime:-0.015035s ]
INFO: Run WriteHtmlCache Behavior [ RunTime:-0.015411s ]
INFO: Run ShowRuntime Behavior [ RunTime:-0.015799s ]
INFO: [ view_filter ] --END-- [ RunTime:0.001634s ]
INFO: [ view_end ] --START--
INFO: Run ShowPageTrace Behavior [ RunTime:-0.016315s ]
INFO: [ view_end ] --END-- [ RunTime:0.000475s ]

[ 2017-08-09T00:05:47+08:00 ] 127.0.0.1 /web/index.php?m=Login&a=reg
INFO: [ app_begin ] --START--
INFO: Run ReadHtmlCache Behavior [ RunTime:0.000366s ]
INFO: [ app_begin ] --END-- [ RunTime:0.000436s ]
INFO: [ view_parse ] --START--
INFO: Run ParseTemplate Behavior [ RunTime:-0.000578s ]
INFO: [ view_parse ] --END-- [ RunTime:0.013099s ]
INFO: [ view_filter ] --START--
INFO: Run ContentReplace Behavior [ RunTime:-0.013767s ]
INFO: Run TokenBuild Behavior [ RunTime:-0.014206s ]
INFO: Run WriteHtmlCache Behavior [ RunTime:-0.014646s ]
INFO: Run ShowRuntime Behavior [ RunTime:-0.014950s ]
INFO: [ view_filter ] --END-- [ RunTime:0.001743s ]
INFO: [ view_end ] --START--
INFO: Run ShowPageTrace Behavior [ RunTime:-0.015579s ]
INFO: [ view_end ] --END-- [ RunTime:0.000472s ]

[ 2017-08-09T00:05:55+08:00 ] 127.0.0.1 /web/index.php?m=Login&a=reg
INFO: [ app_begin ] --START--
INFO: Run ReadHtmlCache Behavior [ RunTime:0.000549s ]
INFO: [ app_begin ] --END-- [ RunTime:0.000635s ]
INFO: [ view_parse ] --START--
INFO: Run ParseTemplate Behavior [ RunTime:-0.000770s ]
INFO: [ view_parse ] --END-- [ RunTime:0.013733s ]
INFO: [ view_filter ] --START--
INFO: Run ContentReplace Behavior [ RunTime:-0.014547s ]
INFO: Run TokenBuild Behavior [ RunTime:-0.014964s ]
INFO: Run WriteHtmlCache Behavior [ RunTime:-0.015360s ]
INFO: Run ShowRuntime Behavior [ RunTime:-0.015745s ]
INFO: [ view_filter ] --END-- [ RunTime:0.001831s ]
INFO: [ view_end ] --START--
INFO: Run ShowPageTrace Behavior [ RunTime:-0.016466s ]
INFO: [ view_end ] --END-- [ RunTime:0.000606s ]

[ 2017-08-09T00:05:57+08:00 ] 127.0.0.1 /web/index.php?m=Login&a=reg
INFO: [ app_begin ] --START--
INFO: Run ReadHtmlCache Behavior [ RunTime:0.000393s ]
INFO: [ app_begin ] --END-- [ RunTime:0.000469s ]
INFO: [ view_parse ] --START--
INFO: Run ParseTemplate Behavior [ RunTime:-0.000592s ]
INFO: [ view_parse ] --END-- [ RunTime:0.005959s ]
INFO: [ view_filter ] --START--
INFO: Run ContentReplace Behavior [ RunTime:-0.006596s ]
INFO: Run TokenBuild Behavior [ RunTime:-0.006919s ]
INFO: Run WriteHtmlCache Behavior [ RunTime:-0.007238s ]
INFO: Run ShowRuntime Behavior [ RunTime:-0.007463s ]
INFO: [ view_filter ] --END-- [ RunTime:0.001282s ]
INFO: [ view_end ] --START--
INFO: Run ShowPageTrace Behavior [ RunTime:-0.007964s ]
INFO: [ view_end ] --END-- [ RunTime:0.000692s ]

[ 2017-08-09T00:05:57+08:00 ] 127.0.0.1 /web/index.php?m=Login&a=reg
INFO: [ app_begin ] --START--
INFO: Run ReadHtmlCache Behavior [ RunTime:0.000370s ]
INFO: [ app_begin ] --END-- [ RunTime:0.000441s ]
INFO: [ view_parse ] --START--
INFO: Run ParseTemplate Behavior [ RunTime:-0.000573s ]
INFO: [ view_parse ] --END-- [ RunTime:0.006216s ]
INFO: [ view_filter ] --START--
INFO: Run ContentReplace Behavior [ RunTime:-0.006885s ]
INFO: Run TokenBuild Behavior [ RunTime:-0.007357s ]
INFO: Run WriteHtmlCache Behavior [ RunTime:-0.007813s ]
INFO: Run ShowRuntime Behavior [ RunTime:-0.008120s ]
INFO: [ view_filter ] --END-- [ RunTime:0.001823s ]
INFO: [ view_end ] --START--
INFO: Run ShowPageTrace Behavior [ RunTime:-0.008832s ]
INFO: [ view_end ] --END-- [ RunTime:0.000682s ]

[ 2017-08-09T00:05:57+08:00 ] 127.0.0.1 /web/index.php?m=Login&a=reg
INFO: [ app_begin ] --START--
INFO: Run ReadHtmlCache Behavior [ RunTime:0.000391s ]
INFO: [ app_begin ] --END-- [ RunTime:0.000465s ]
INFO: [ view_parse ] --START--
INFO: Run ParseTemplate Behavior [ RunTime:-0.000854s ]
INFO: [ view_parse ] --END-- [ RunTime:0.006835s ]
INFO: [ view_filter ] --START--
INFO: Run ContentReplace Behavior [ RunTime:-0.007713s ]
INFO: Run TokenBuild Behavior [ RunTime:-0.008120s ]
INFO: Run WriteHtmlCache Behavior [ RunTime:-0.008503s ]
INFO: Run ShowRuntime Behavior [ RunTime:-0.008740s ]
INFO: [ view_filter ] --END-- [ RunTime:0.001432s ]
INFO: [ view_end ] --START--
INFO: Run ShowPageTrace Behavior [ RunTime:-0.009218s ]
INFO: [ view_end ] --END-- [ RunTime:0.000480s ]

[ 2017-08-09T00:06:02+08:00 ] 127.0.0.1 /web/index.php?m=Login&a=reg
INFO: [ app_begin ] --START--
INFO: Run ReadHtmlCache Behavior [ RunTime:0.000370s ]
INFO: [ app_begin ] --END-- [ RunTime:0.000439s ]
INFO: [ view_parse ] --START--
INFO: Run ParseTemplate Behavior [ RunTime:-0.000577s ]
INFO: [ view_parse ] --END-- [ RunTime:0.011259s ]
INFO: [ view_filter ] --START--
INFO: Run ContentReplace Behavior [ RunTime:-0.011891s ]
INFO: Run TokenBuild Behavior [ RunTime:-0.012232s ]
INFO: Run WriteHtmlCache Behavior [ RunTime:-0.012556s ]
INFO: Run ShowRuntime Behavior [ RunTime:-0.012793s ]
INFO: [ view_filter ] --END-- [ RunTime:0.001313s ]
INFO: [ view_end ] --START--
INFO: Run ShowPageTrace Behavior [ RunTime:-0.013332s ]
INFO: [ view_end ] --END-- [ RunTime:0.000526s ]

[ 2017-08-09T00:06:07+08:00 ] 127.0.0.1 /web/index.php?m=Login&a=reg
INFO: [ app_begin ] --START--
INFO: Run ReadHtmlCache Behavior [ RunTime:0.000393s ]
INFO: [ app_begin ] --END-- [ RunTime:0.000470s ]
INFO: [ view_parse ] --START--
INFO: Run ParseTemplate Behavior [ RunTime:-0.000737s ]
INFO: [ view_parse ] --END-- [ RunTime:0.007419s ]
INFO: [ view_filter ] --START--
INFO: Run ContentReplace Behavior [ RunTime:-0.008223s ]
INFO: Run TokenBuild Behavior [ RunTime:-0.008676s ]
INFO: Run WriteHtmlCache Behavior [ RunTime:-0.009120s ]
INFO: Run ShowRuntime Behavior [ RunTime:-0.009432s ]
INFO: [ view_filter ] --END-- [ RunTime:0.001792s ]
INFO: [ view_end ] --START--
INFO: Run ShowPageTrace Behavior [ RunTime:-0.010113s ]
INFO: [ view_end ] --END-- [ RunTime:0.000652s ]

[ 2017-08-09T00:06:07+08:00 ] 127.0.0.1 /web/index.php?m=Login&a=reg
INFO: [ app_begin ] --START--
INFO: Run ReadHtmlCache Behavior [ RunTime:0.000399s ]
INFO: [ app_begin ] --END-- [ RunTime:0.000478s ]
INFO: [ view_parse ] --START--
INFO: Run ParseTemplate Behavior [ RunTime:-0.000630s ]
INFO: [ view_parse ] --END-- [ RunTime:0.006356s ]
INFO: [ view_filter ] --START--
INFO: Run ContentReplace Behavior [ RunTime:-0.007062s ]
INFO: Run TokenBuild Behavior [ RunTime:-0.007561s ]
INFO: Run WriteHtmlCache Behavior [ RunTime:-0.008052s ]
INFO: Run ShowRuntime Behavior [ RunTime:-0.008385s ]
INFO: [ view_filter ] --END-- [ RunTime:0.001899s ]
INFO: [ view_end ] --START--
INFO: Run ShowPageTrace Behavior [ RunTime:-0.009041s ]
INFO: [ view_end ] --END-- [ RunTime:0.000658s ]

[ 2017-08-09T00:06:08+08:00 ] 127.0.0.1 /web/index.php?m=Login&a=reg
INFO: [ app_begin ] --START--
INFO: Run ReadHtmlCache Behavior [ RunTime:0.000392s ]
INFO: [ app_begin ] --END-- [ RunTime:0.000467s ]
INFO: [ view_parse ] --START--
INFO: Run ParseTemplate Behavior [ RunTime:-0.000578s ]
INFO: [ view_parse ] --END-- [ RunTime:0.006101s ]
INFO: [ view_filter ] --START--
INFO: Run ContentReplace Behavior [ RunTime:-0.006749s ]
INFO: Run TokenBuild Behavior [ RunTime:-0.007213s ]
INFO: Run WriteHtmlCache Behavior [ RunTime:-0.007672s ]
INFO: Run ShowRuntime Behavior [ RunTime:-0.007986s ]
INFO: [ view_filter ] --END-- [ RunTime:0.001828s ]
INFO: [ view_end ] --START--
INFO: Run ShowPageTrace Behavior [ RunTime:-0.008687s ]
INFO: [ view_end ] --END-- [ RunTime:0.000663s ]

[ 2017-08-09T00:06:27+08:00 ] 127.0.0.1 /web/index.php?m=Login&a=reg
INFO: [ app_begin ] --START--
INFO: Run ReadHtmlCache Behavior [ RunTime:0.000417s ]
INFO: [ app_begin ] --END-- [ RunTime:0.000518s ]
INFO: [ view_parse ] --START--
INFO: Run ParseTemplate Behavior [ RunTime:-0.000683s ]
INFO: [ view_parse ] --END-- [ RunTime:0.010506s ]
INFO: [ view_filter ] --START--
INFO: Run ContentReplace Behavior [ RunTime:-0.011280s ]
INFO: Run TokenBuild Behavior [ RunTime:-0.011739s ]
INFO: Run WriteHtmlCache Behavior [ RunTime:-0.012165s ]
INFO: Run ShowRuntime Behavior [ RunTime:-0.012458s ]
INFO: [ view_filter ] --END-- [ RunTime:0.001768s ]
INFO: [ view_end ] --START--
INFO: Run ShowPageTrace Behavior [ RunTime:-0.013173s ]
INFO: [ view_end ] --END-- [ RunTime:0.000702s ]

[ 2017-08-09T00:06:40+08:00 ] 127.0.0.1 /web/index.php?m=Login&a=reg
INFO: [ app_begin ] --START--
INFO: Run ReadHtmlCache Behavior [ RunTime:0.000477s ]
INFO: [ app_begin ] --END-- [ RunTime:0.000546s ]
INFO: [ view_parse ] --START--
INFO: Run ParseTemplate Behavior [ RunTime:-0.000872s ]
INFO: [ view_parse ] --END-- [ RunTime:0.012693s ]
INFO: [ view_filter ] --START--
INFO: Run ContentReplace Behavior [ RunTime:-0.013641s ]
INFO: Run TokenBuild Behavior [ RunTime:-0.014206s ]
INFO: Run WriteHtmlCache Behavior [ RunTime:-0.014707s ]
INFO: Run ShowRuntime Behavior [ RunTime:-0.015087s ]
INFO: [ view_filter ] --END-- [ RunTime:0.002110s ]
INFO: [ view_end ] --START--
INFO: Run ShowPageTrace Behavior [ RunTime:-0.015889s ]
INFO: [ view_end ] --END-- [ RunTime:0.000858s ]

[ 2017-08-09T00:06:41+08:00 ] 127.0.0.1 /web/index.php?m=Login&a=reg
INFO: [ app_begin ] --START--
INFO: Run ReadHtmlCache Behavior [ RunTime:0.000416s ]
INFO: [ app_begin ] --END-- [ RunTime:0.000513s ]
INFO: [ view_parse ] --START--
INFO: Run ParseTemplate Behavior [ RunTime:-0.000699s ]
INFO: [ view_parse ] --END-- [ RunTime:0.006207s ]
INFO: [ view_filter ] --START--
INFO: Run ContentReplace Behavior [ RunTime:-0.006984s ]
INFO: Run TokenBuild Behavior [ RunTime:-0.007452s ]
INFO: Run WriteHtmlCache Behavior [ RunTime:-0.007926s ]
INFO: Run ShowRuntime Behavior [ RunTime:-0.008267s ]
INFO: [ view_filter ] --END-- [ RunTime:0.001903s ]
INFO: [ view_end ] --START--
INFO: Run ShowPageTrace Behavior [ RunTime:-0.008994s ]
INFO: [ view_end ] --END-- [ RunTime:0.000648s ]

[ 2017-08-09T00:06:42+08:00 ] 127.0.0.1 /web/index.php?m=Login&a=reg
INFO: [ app_begin ] --START--
INFO: Run ReadHtmlCache Behavior [ RunTime:0.000369s ]
INFO: [ app_begin ] --END-- [ RunTime:0.000442s ]
INFO: [ view_parse ] --START--
INFO: Run ParseTemplate Behavior [ RunTime:-0.000608s ]
INFO: [ view_parse ] --END-- [ RunTime:0.006087s ]
INFO: [ view_filter ] --START--
INFO: Run ContentReplace Behavior [ RunTime:-0.006743s ]
INFO: Run TokenBuild Behavior [ RunTime:-0.007069s ]
INFO: Run WriteHtmlCache Behavior [ RunTime:-0.007389s ]
INFO: Run ShowRuntime Behavior [ RunTime:-0.007612s ]
INFO: [ view_filter ] --END-- [ RunTime:0.001266s ]
INFO: [ view_end ] --START--
INFO: Run ShowPageTrace Behavior [ RunTime:-0.008091s ]
INFO: [ view_end ] --END-- [ RunTime:0.000479s ]

[ 2017-08-09T00:06:42+08:00 ] 127.0.0.1 /web/index.php?m=Login&a=reg
INFO: [ app_begin ] --START--
INFO: Run ReadHtmlCache Behavior [ RunTime:0.000391s ]
INFO: [ app_begin ] --END-- [ RunTime:0.000466s ]
INFO: [ view_parse ] --START--
INFO: Run ParseTemplate Behavior [ RunTime:-0.000583s ]
INFO: [ view_parse ] --END-- [ RunTime:0.006891s ]
INFO: [ view_filter ] --START--
INFO: Run ContentReplace Behavior [ RunTime:-0.007554s ]
INFO: Run TokenBuild Behavior [ RunTime:-0.008042s ]
INFO: Run WriteHtmlCache Behavior [ RunTime:-0.008538s ]
INFO: Run ShowRuntime Behavior [ RunTime:-0.008869s ]
INFO: [ view_filter ] --END-- [ RunTime:0.001914s ]
INFO: [ view_end ] --START--
INFO: Run ShowPageTrace Behavior [ RunTime:-0.009575s ]
INFO: [ view_end ] --END-- [ RunTime:0.000721s ]

[ 2017-08-09T00:06:49+08:00 ] 127.0.0.1 /web/index.php?m=Login&a=reg
INFO: [ app_begin ] --START--
INFO: Run ReadHtmlCache Behavior [ RunTime:0.000527s ]
INFO: [ app_begin ] --END-- [ RunTime:0.000625s ]
INFO: [ view_parse ] --START--
INFO: Run ParseTemplate Behavior [ RunTime:-0.000823s ]
INFO: [ view_parse ] --END-- [ RunTime:0.011547s ]
INFO: [ view_filter ] --START--
INFO: Run ContentReplace Behavior [ RunTime:-0.012462s ]
INFO: Run TokenBuild Behavior [ RunTime:-0.012967s ]
INFO: Run WriteHtmlCache Behavior [ RunTime:-0.013428s ]
INFO: Run ShowRuntime Behavior [ RunTime:-0.013746s ]
INFO: [ view_filter ] --END-- [ RunTime:0.001817s ]
INFO: [ view_end ] --START--
INFO: Run ShowPageTrace Behavior [ RunTime:-0.014347s ]
INFO: [ view_end ] --END-- [ RunTime:0.000485s ]

[ 2017-08-09T00:06:59+08:00 ] 127.0.0.1 /web/index.php?m=Login&a=reg
INFO: [ app_begin ] --START--
INFO: Run ReadHtmlCache Behavior [ RunTime:0.000394s ]
INFO: [ app_begin ] --END-- [ RunTime:0.000471s ]
INFO: [ view_parse ] --START--
INFO: Run ParseTemplate Behavior [ RunTime:-0.000578s ]
INFO: [ view_parse ] --END-- [ RunTime:0.011666s ]
INFO: [ view_filter ] --START--
INFO: Run ContentReplace Behavior [ RunTime:-0.012295s ]
INFO: Run TokenBuild Behavior [ RunTime:-0.012646s ]
INFO: Run WriteHtmlCache Behavior [ RunTime:-0.012982s ]
INFO: Run ShowRuntime Behavior [ RunTime:-0.013216s ]
INFO: [ view_filter ] --END-- [ RunTime:0.001430s ]
INFO: [ view_end ] --START--
INFO: Run ShowPageTrace Behavior [ RunTime:-0.013924s ]
INFO: [ view_end ] --END-- [ RunTime:0.000847s ]

[ 2017-08-09T00:06:59+08:00 ] 127.0.0.1 /web/index.php?m=Login&a=reg
INFO: [ app_begin ] --START--
INFO: Run ReadHtmlCache Behavior [ RunTime:0.000391s ]
INFO: [ app_begin ] --END-- [ RunTime:0.000466s ]
INFO: [ view_parse ] --START--
INFO: Run ParseTemplate Behavior [ RunTime:-0.000583s ]
INFO: [ view_parse ] --END-- [ RunTime:0.005934s ]
INFO: [ view_filter ] --START--
INFO: Run ContentReplace Behavior [ RunTime:-0.006567s ]
INFO: Run TokenBuild Behavior [ RunTime:-0.006907s ]
INFO: Run WriteHtmlCache Behavior [ RunTime:-0.007233s ]
INFO: Run ShowRuntime Behavior [ RunTime:-0.007471s ]
INFO: [ view_filter ] --END-- [ RunTime:0.001316s ]
INFO: [ view_end ] --START--
INFO: Run ShowPageTrace Behavior [ RunTime:-0.007959s ]
INFO: [ view_end ] --END-- [ RunTime:0.000513s ]

[ 2017-08-09T00:07:21+08:00 ] 127.0.0.1 /web/index.php?m=Login&a=reg
INFO: [ app_begin ] --START--
INFO: Run ReadHtmlCache Behavior [ RunTime:0.000456s ]
INFO: [ app_begin ] --END-- [ RunTime:0.000545s ]
INFO: [ view_parse ] --START--
INFO: Run ParseTemplate Behavior [ RunTime:-0.000631s ]
INFO: [ view_parse ] --END-- [ RunTime:0.011669s ]
INFO: [ view_filter ] --START--
INFO: Run ContentReplace Behavior [ RunTime:-0.012376s ]
INFO: Run TokenBuild Behavior [ RunTime:-0.012817s ]
INFO: Run WriteHtmlCache Behavior [ RunTime:-0.013267s ]
INFO: Run ShowRuntime Behavior [ RunTime:-0.013568s ]
INFO: [ view_filter ] --END-- [ RunTime:0.001740s ]
INFO: [ view_end ] --START--
INFO: Run ShowPageTrace Behavior [ RunTime:-0.014236s ]
INFO: [ view_end ] --END-- [ RunTime:0.000637s ]

[ 2017-08-09T00:07:32+08:00 ] 127.0.0.1 /web/index.php?m=Login&a=reg
INFO: [ app_begin ] --START--
INFO: Run ReadHtmlCache Behavior [ RunTime:0.000519s ]
INFO: [ app_begin ] --END-- [ RunTime:0.000617s ]
INFO: [ view_parse ] --START--
INFO: Run ParseTemplate Behavior [ RunTime:-0.000635s ]
INFO: [ view_parse ] --END-- [ RunTime:0.011335s ]
INFO: [ view_filter ] --START--
INFO: Run ContentReplace Behavior [ RunTime:-0.012014s ]
INFO: Run TokenBuild Behavior [ RunTime:-0.012387s ]
INFO: Run WriteHtmlCache Behavior [ RunTime:-0.012734s ]
INFO: Run ShowRuntime Behavior [ RunTime:-0.012971s ]
INFO: [ view_filter ] --END-- [ RunTime:0.001530s ]
INFO: [ view_end ] --START--
INFO: Run ShowPageTrace Behavior [ RunTime:-0.013667s ]
INFO: [ view_end ] --END-- [ RunTime:0.000751s ]

[ 2017-08-09T00:07:39+08:00 ] 127.0.0.1 /web/index.php?m=Login&a=reg
INFO: [ app_begin ] --START--
INFO: Run ReadHtmlCache Behavior [ RunTime:0.000391s ]
INFO: [ app_begin ] --END-- [ RunTime:0.000463s ]
INFO: [ view_parse ] --START--
INFO: Run ParseTemplate Behavior [ RunTime:-0.000576s ]
INFO: [ view_parse ] --END-- [ RunTime:0.014053s ]
INFO: [ view_filter ] --START--
INFO: Run ContentReplace Behavior [ RunTime:-0.014686s ]
INFO: Run TokenBuild Behavior [ RunTime:-0.015042s ]
INFO: Run WriteHtmlCache Behavior [ RunTime:-0.015373s ]
INFO: Run ShowRuntime Behavior [ RunTime:-0.015603s ]
INFO: [ view_filter ] --END-- [ RunTime:0.001358s ]
INFO: [ view_end ] --START--
INFO: Run ShowPageTrace Behavior [ RunTime:-0.016127s ]
INFO: [ view_end ] --END-- [ RunTime:0.000503s ]

[ 2017-08-09T00:07:46+08:00 ] 127.0.0.1 /web/index.php?m=Login&a=reg
INFO: [ app_begin ] --START--
INFO: Run ReadHtmlCache Behavior [ RunTime:0.000481s ]
INFO: [ app_begin ] --END-- [ RunTime:0.000551s ]
INFO: [ view_parse ] --START--
INFO: Run ParseTemplate Behavior [ RunTime:-0.000736s ]
INFO: [ view_parse ] --END-- [ RunTime:0.014526s ]
INFO: [ view_filter ] --START--
INFO: Run ContentReplace Behavior [ RunTime:-0.015317s ]
INFO: Run TokenBuild Behavior [ RunTime:-0.015739s ]
INFO: Run WriteHtmlCache Behavior [ RunTime:-0.016173s ]
INFO: Run ShowRuntime Behavior [ RunTime:-0.016546s ]
INFO: [ view_filter ] --END-- [ RunTime:0.001855s ]
INFO: [ view_end ] --START--
INFO: Run ShowPageTrace Behavior [ RunTime:-0.017287s ]
INFO: [ view_end ] --END-- [ RunTime:0.000692s ]

[ 2017-08-09T00:07:54+08:00 ] 127.0.0.1 /web/index.php?m=Login&a=reg
INFO: [ app_begin ] --START--
INFO: Run ReadHtmlCache Behavior [ RunTime:0.000469s ]
INFO: [ app_begin ] --END-- [ RunTime:0.000539s ]
INFO: [ view_parse ] --START--
INFO: Run ParseTemplate Behavior [ RunTime:-0.000708s ]
INFO: [ view_parse ] --END-- [ RunTime:0.007654s ]
INFO: [ view_filter ] --START--
INFO: Run ContentReplace Behavior [ RunTime:-0.008434s ]
INFO: Run TokenBuild Behavior [ RunTime:-0.008989s ]
INFO: Run WriteHtmlCache Behavior [ RunTime:-0.009514s ]
INFO: Run ShowRuntime Behavior [ RunTime:-0.009877s ]
INFO: [ view_filter ] --END-- [ RunTime:0.002139s ]
INFO: [ view_end ] --START--
INFO: Run ShowPageTrace Behavior [ RunTime:-0.010673s ]
INFO: [ view_end ] --END-- [ RunTime:0.000721s ]

[ 2017-08-09T00:08:02+08:00 ] 127.0.0.1 /web/index.php?m=Login&a=reg
INFO: [ app_begin ] --START--
INFO: Run ReadHtmlCache Behavior [ RunTime:0.000477s ]
INFO: [ app_begin ] --END-- [ RunTime:0.000557s ]
INFO: [ view_parse ] --START--
INFO: Run ParseTemplate Behavior [ RunTime:-0.000739s ]
INFO: [ view_parse ] --END-- [ RunTime:0.012405s ]
INFO: [ view_filter ] --START--
INFO: Run ContentReplace Behavior [ RunTime:-0.013240s ]
INFO: Run TokenBuild Behavior [ RunTime:-0.013736s ]
INFO: Run WriteHtmlCache Behavior [ RunTime:-0.014202s ]
INFO: Run ShowRuntime Behavior [ RunTime:-0.014599s ]
INFO: [ view_filter ] --END-- [ RunTime:0.001901s ]
INFO: [ view_end ] --START--
INFO: Run ShowPageTrace Behavior [ RunTime:-0.015214s ]
INFO: [ view_end ] --END-- [ RunTime:0.000747s ]

[ 2017-08-09T00:08:17+08:00 ] 127.0.0.1 /web/index.php?m=Login&a=reg
INFO: [ app_begin ] --START--
INFO: Run ReadHtmlCache Behavior [ RunTime:0.000405s ]
INFO: [ app_begin ] --END-- [ RunTime:0.000494s ]
INFO: [ view_parse ] --START--
INFO: Run ParseTemplate Behavior [ RunTime:-0.000589s ]
INFO: [ view_parse ] --END-- [ RunTime:0.010775s ]
INFO: [ view_filter ] --START--
INFO: Run ContentReplace Behavior [ RunTime:-0.011473s ]
INFO: Run TokenBuild Behavior [ RunTime:-0.011985s ]
INFO: Run WriteHtmlCache Behavior [ RunTime:-0.012484s ]
INFO: Run ShowRuntime Behavior [ RunTime:-0.012806s ]
INFO: [ view_filter ] --END-- [ RunTime:0.001752s ]
INFO: [ view_end ] --START--
INFO: Run ShowPageTrace Behavior [ RunTime:-0.013277s ]
INFO: [ view_end ] --END-- [ RunTime:0.000492s ]

[ 2017-08-09T00:08:39+08:00 ] 127.0.0.1 /web/index.php?m=Login&a=reg
INFO: [ app_begin ] --START--
INFO: Run ReadHtmlCache Behavior [ RunTime:0.000421s ]
INFO: [ app_begin ] --END-- [ RunTime:0.000514s ]
INFO: [ view_parse ] --START--
INFO: Run ParseTemplate Behavior [ RunTime:-0.000586s ]
INFO: [ view_parse ] --END-- [ RunTime:0.013633s ]
INFO: [ view_filter ] --START--
INFO: Run ContentReplace Behavior [ RunTime:-0.014310s ]
INFO: Run TokenBuild Behavior [ RunTime:-0.014886s ]
INFO: Run WriteHtmlCache Behavior [ RunTime:-0.015415s ]
INFO: Run ShowRuntime Behavior [ RunTime:-0.015765s ]
INFO: [ view_filter ] --END-- [ RunTime:0.002035s ]
INFO: [ view_end ] --START--
INFO: Run ShowPageTrace Behavior [ RunTime:-0.016412s ]
INFO: [ view_end ] --END-- [ RunTime:0.000574s ]

[ 2017-08-09T00:08:46+08:00 ] 127.0.0.1 /web/index.php?m=Login&a=reg
INFO: [ app_begin ] --START--
INFO: Run ReadHtmlCache Behavior [ RunTime:0.000371s ]
INFO: [ app_begin ] --END-- [ RunTime:0.000443s ]
INFO: [ view_parse ] --START--
INFO: Run ParseTemplate Behavior [ RunTime:-0.000570s ]
INFO: [ view_parse ] --END-- [ RunTime:0.011313s ]
INFO: [ view_filter ] --START--
INFO: Run ContentReplace Behavior [ RunTime:-0.011993s ]
INFO: Run TokenBuild Behavior [ RunTime:-0.012625s ]
INFO: Run WriteHtmlCache Behavior [ RunTime:-0.013312s ]
INFO: Run ShowRuntime Behavior [ RunTime:-0.013716s ]
INFO: [ view_filter ] --END-- [ RunTime:0.002266s ]
INFO: [ view_end ] --START--
INFO: Run ShowPageTrace Behavior [ RunTime:-0.014348s ]
INFO: [ view_end ] --END-- [ RunTime:0.000643s ]

[ 2017-08-09T00:08:47+08:00 ] 127.0.0.1 /web/
INFO: [ app_begin ] --START--
INFO: Run ReadHtmlCache Behavior [ RunTime:0.000587s ]
INFO: [ app_begin ] --END-- [ RunTime:0.000711s ]
INFO: [ view_template ] --START--
INFO: Run LocationTemplate Behavior [ RunTime:-0.001319s ]
INFO: [ view_template ] --END-- [ RunTime:0.000610s ]
INFO: [ view_parse ] --START--
INFO: Run ParseTemplate Behavior [ RunTime:-0.001975s ]
INFO: [ view_parse ] --END-- [ RunTime:0.014012s ]
INFO: [ view_filter ] --START--
INFO: Run ContentReplace Behavior [ RunTime:-0.016046s ]
INFO: Run TokenBuild Behavior [ RunTime:-0.016415s ]
INFO: Run WriteHtmlCache Behavior [ RunTime:-0.016750s ]
INFO: Run ShowRuntime Behavior [ RunTime:-0.016981s ]
INFO: [ view_filter ] --END-- [ RunTime:0.001361s ]
INFO: [ view_end ] --START--
INFO: Run ShowPageTrace Behavior [ RunTime:-0.017492s ]
INFO: [ view_end ] --END-- [ RunTime:0.000463s ]

[ 2017-08-09T00:08:50+08:00 ] 127.0.0.1 /web/
INFO: [ app_begin ] --START--
INFO: Run ReadHtmlCache Behavior [ RunTime:0.000366s ]
INFO: [ app_begin ] --END-- [ RunTime:0.000433s ]
INFO: [ view_template ] --START--
INFO: Run LocationTemplate Behavior [ RunTime:-0.000673s ]
INFO: [ view_template ] --END-- [ RunTime:0.000375s ]
INFO: [ view_parse ] --START--
INFO: Run ParseTemplate Behavior [ RunTime:-0.001117s ]
INFO: [ view_parse ] --END-- [ RunTime:0.015857s ]
INFO: [ view_filter ] --START--
INFO: Run ContentReplace Behavior [ RunTime:-0.017090s ]
INFO: Run TokenBuild Behavior [ RunTime:-0.017637s ]
INFO: Run WriteHtmlCache Behavior [ RunTime:-0.018123s ]
INFO: Run ShowRuntime Behavior [ RunTime:-0.018414s ]
INFO: [ view_filter ] --END-- [ RunTime:0.001790s ]
INFO: [ view_end ] --START--
INFO: Run ShowPageTrace Behavior [ RunTime:-0.018952s ]
INFO: [ view_end ] --END-- [ RunTime:0.000479s ]

[ 2017-08-09T00:08:52+08:00 ] 127.0.0.1 /web/index.php?m=Login&a=reg
INFO: [ app_begin ] --START--
INFO: Run ReadHtmlCache Behavior [ RunTime:0.000372s ]
INFO: [ app_begin ] --END-- [ RunTime:0.000440s ]
INFO: [ view_parse ] --START--
INFO: Run ParseTemplate Behavior [ RunTime:-0.000562s ]
INFO: [ view_parse ] --END-- [ RunTime:0.005856s ]
INFO: [ view_filter ] --START--
INFO: Run ContentReplace Behavior [ RunTime:-0.006469s ]
INFO: Run TokenBuild Behavior [ RunTime:-0.006792s ]
INFO: Run WriteHtmlCache Behavior [ RunTime:-0.007118s ]
INFO: Run ShowRuntime Behavior [ RunTime:-0.007346s ]
INFO: [ view_filter ] --END-- [ RunTime:0.001299s ]
INFO: [ view_end ] --START--
INFO: Run ShowPageTrace Behavior [ RunTime:-0.007859s ]
INFO: [ view_end ] --END-- [ RunTime:0.000464s ]

[ 2017-08-09T00:08:52+08:00 ] 127.0.0.1 /web/index.php?m=Login&a=login
INFO: [ app_begin ] --START--
INFO: Run ReadHtmlCache Behavior [ RunTime:0.000439s ]
INFO: [ app_begin ] --END-- [ RunTime:0.000542s ]
INFO: [ view_parse ] --START--
INFO: Run ParseTemplate Behavior [ RunTime:-0.001053s ]
INFO: [ view_parse ] --END-- [ RunTime:0.009088s ]
INFO: [ view_filter ] --START--
INFO: Run ContentReplace Behavior [ RunTime:-0.010174s ]
INFO: Run TokenBuild Behavior [ RunTime:-0.010517s ]
INFO: Run WriteHtmlCache Behavior [ RunTime:-0.010859s ]
INFO: Run ShowRuntime Behavior [ RunTime:-0.011093s ]
INFO: [ view_filter ] --END-- [ RunTime:0.001351s ]
INFO: [ view_end ] --START--
INFO: Run ShowPageTrace Behavior [ RunTime:-0.011609s ]
INFO: [ view_end ] --END-- [ RunTime:0.000486s ]

[ 2017-08-09T00:09:36+08:00 ] 127.0.0.1 /web/index.php?m=Login&a=login
INFO: [ app_begin ] --START--
INFO: Run ReadHtmlCache Behavior [ RunTime:0.000460s ]
INFO: [ app_begin ] --END-- [ RunTime:0.000544s ]
INFO: [ view_parse ] --START--
INFO: Run ParseTemplate Behavior [ RunTime:-0.000819s ]
INFO: [ view_parse ] --END-- [ RunTime:0.011314s ]
INFO: [ view_filter ] --START--
INFO: Run ContentReplace Behavior [ RunTime:-0.012187s ]
INFO: Run TokenBuild Behavior [ RunTime:-0.012535s ]
INFO: Run WriteHtmlCache Behavior [ RunTime:-0.012869s ]
INFO: Run ShowRuntime Behavior [ RunTime:-0.013105s ]
INFO: [ view_filter ] --END-- [ RunTime:0.001457s ]
INFO: [ view_end ] --START--
INFO: Run ShowPageTrace Behavior [ RunTime:-0.013740s ]
INFO: [ view_end ] --END-- [ RunTime:0.000525s ]

[ 2017-08-09T00:09:44+08:00 ] 127.0.0.1 /web/index.php?m=Login&a=login
INFO: [ app_begin ] --START--
INFO: Run ReadHtmlCache Behavior [ RunTime:0.000368s ]
INFO: [ app_begin ] --END-- [ RunTime:0.000436s ]
INFO: [ view_parse ] --START--
INFO: Run ParseTemplate Behavior [ RunTime:-0.000550s ]
INFO: [ view_parse ] --END-- [ RunTime:0.005926s ]
INFO: [ view_filter ] --START--
INFO: Run ContentReplace Behavior [ RunTime:-0.006517s ]
INFO: Run TokenBuild Behavior [ RunTime:-0.006845s ]
INFO: Run WriteHtmlCache Behavior [ RunTime:-0.007151s ]
INFO: Run ShowRuntime Behavior [ RunTime:-0.007378s ]
INFO: [ view_filter ] --END-- [ RunTime:0.001246s ]
INFO: [ view_end ] --START--
INFO: Run ShowPageTrace Behavior [ RunTime:-0.007836s ]
INFO: [ view_end ] --END-- [ RunTime:0.000517s ]

[ 2017-08-09T00:09:47+08:00 ] 127.0.0.1 /web/index.php?m=Login&a=login
INFO: [ app_begin ] --START--
INFO: Run ReadHtmlCache Behavior [ RunTime:0.000365s ]
INFO: [ app_begin ] --END-- [ RunTime:0.000431s ]
INFO: [ view_parse ] --START--
INFO: Run ParseTemplate Behavior [ RunTime:-0.000543s ]
INFO: [ view_parse ] --END-- [ RunTime:0.010494s ]
INFO: [ view_filter ] --START--
INFO: Run ContentReplace Behavior [ RunTime:-0.011085s ]
INFO: Run TokenBuild Behavior [ RunTime:-0.011475s ]
INFO: Run WriteHtmlCache Behavior [ RunTime:-0.011910s ]
INFO: Run ShowRuntime Behavior [ RunTime:-0.012211s ]
INFO: [ view_filter ] --END-- [ RunTime:0.001573s ]
INFO: [ view_end ] --START--
INFO: Run ShowPageTrace Behavior [ RunTime:-0.012723s ]
INFO: [ view_end ] --END-- [ RunTime:0.000486s ]

[ 2017-08-09T00:09:57+08:00 ] 127.0.0.1 /web/index.php?m=Login&a=login
INFO: [ app_begin ] --START--
INFO: Run ReadHtmlCache Behavior [ RunTime:0.000512s ]
INFO: [ app_begin ] --END-- [ RunTime:0.000598s ]
INFO: [ view_parse ] --START--
INFO: Run ParseTemplate Behavior [ RunTime:-0.000885s ]
INFO: [ view_parse ] --END-- [ RunTime:0.006704s ]
INFO: [ view_filter ] --START--
INFO: Run ContentReplace Behavior [ RunTime:-0.007646s ]
INFO: Run TokenBuild Behavior [ RunTime:-0.007982s ]
INFO: Run WriteHtmlCache Behavior [ RunTime:-0.008301s ]
INFO: Run ShowRuntime Behavior [ RunTime:-0.008526s ]
INFO: [ view_filter ] --END-- [ RunTime:0.001434s ]
INFO: [ view_end ] --START--
INFO: Run ShowPageTrace Behavior [ RunTime:-0.009209s ]
INFO: [ view_end ] --END-- [ RunTime:0.000597s ]

[ 2017-08-09T00:10:00+08:00 ] 127.0.0.1 /web/index.php?m=Login&a=login
INFO: [ app_begin ] --START--
INFO: Run ReadHtmlCache Behavior [ RunTime:0.000572s ]
INFO: [ app_begin ] --END-- [ RunTime:0.000684s ]
INFO: [ view_parse ] --START--
INFO: Run ParseTemplate Behavior [ RunTime:-0.000848s ]
INFO: [ view_parse ] --END-- [ RunTime:0.006708s ]
INFO: [ view_filter ] --START--
INFO: Run ContentReplace Behavior [ RunTime:-0.007593s ]
INFO: Run TokenBuild Behavior [ RunTime:-0.007932s ]
INFO: Run WriteHtmlCache Behavior [ RunTime:-0.008253s ]
INFO: Run ShowRuntime Behavior [ RunTime:-0.008481s ]
INFO: [ view_filter ] --END-- [ RunTime:0.001309s ]
INFO: [ view_end ] --START--
INFO: Run ShowPageTrace Behavior [ RunTime:-0.008958s ]
INFO: [ view_end ] --END-- [ RunTime:0.000486s ]

[ 2017-08-09T00:10:20+08:00 ] 127.0.0.1 /web/index.php?m=Login&a=login
INFO: [ app_begin ] --START--
INFO: Run ReadHtmlCache Behavior [ RunTime:0.000489s ]
INFO: [ app_begin ] --END-- [ RunTime:0.000558s ]
INFO: [ view_parse ] --START--
INFO: Run ParseTemplate Behavior [ RunTime:-0.000880s ]
INFO: [ view_parse ] --END-- [ RunTime:0.013030s ]
INFO: [ view_filter ] --START--
INFO: Run ContentReplace Behavior [ RunTime:-0.013947s ]
INFO: Run TokenBuild Behavior [ RunTime:-0.014330s ]
INFO: Run WriteHtmlCache Behavior [ RunTime:-0.014687s ]
INFO: Run ShowRuntime Behavior [ RunTime:-0.014956s ]
INFO: [ view_filter ] --END-- [ RunTime:0.001457s ]
INFO: [ view_end ] --START--
INFO: Run ShowPageTrace Behavior [ RunTime:-0.015515s ]
INFO: [ view_end ] --END-- [ RunTime:0.000622s ]

[ 2017-08-09T00:10:25+08:00 ] 127.0.0.1 /web/index.php?m=Login&a=login
INFO: [ app_begin ] --START--
INFO: Run ReadHtmlCache Behavior [ RunTime:0.000459s ]
INFO: [ app_begin ] --END-- [ RunTime:0.000559s ]
INFO: [ view_parse ] --START--
INFO: Run ParseTemplate Behavior [ RunTime:-0.000666s ]
INFO: [ view_parse ] --END-- [ RunTime:0.012772s ]
INFO: [ view_filter ] --START--
INFO: Run ContentReplace Behavior [ RunTime:-0.013473s ]
INFO: Run TokenBuild Behavior [ RunTime:-0.013807s ]
INFO: Run WriteHtmlCache Behavior [ RunTime:-0.014117s ]
INFO: Run ShowRuntime Behavior [ RunTime:-0.014346s ]
INFO: [ view_filter ] --END-- [ RunTime:0.001643s ]
INFO: [ view_end ] --START--
INFO: Run ShowPageTrace Behavior [ RunTime:-0.015235s ]
INFO: [ view_end ] --END-- [ RunTime:0.000712s ]

[ 2017-08-09T00:10:39+08:00 ] 127.0.0.1 /web/index.php?m=Login&a=login
INFO: [ app_begin ] --START--
INFO: Run ReadHtmlCache Behavior [ RunTime:0.000466s ]
INFO: [ app_begin ] --END-- [ RunTime:0.000536s ]
INFO: [ view_parse ] --START--
INFO: Run ParseTemplate Behavior [ RunTime:-0.000739s ]
INFO: [ view_parse ] --END-- [ RunTime:0.011757s ]
INFO: [ view_filter ] --START--
INFO: Run ContentReplace Behavior [ RunTime:-0.012573s ]
INFO: Run TokenBuild Behavior [ RunTime:-0.013077s ]
INFO: Run WriteHtmlCache Behavior [ RunTime:-0.013591s ]
INFO: Run ShowRuntime Behavior [ RunTime:-0.013993s ]
INFO: [ view_filter ] --END-- [ RunTime:0.001890s ]
INFO: [ view_end ] --START--
INFO: Run ShowPageTrace Behavior [ RunTime:-0.014540s ]
INFO: [ view_end ] --END-- [ RunTime:0.000524s ]

[ 2017-08-09T00:10:53+08:00 ] 127.0.0.1 /web/index.php?m=Login&a=login
INFO: [ app_begin ] --START--
INFO: Run ReadHtmlCache Behavior [ RunTime:0.000396s ]
INFO: [ app_begin ] --END-- [ RunTime:0.000473s ]
INFO: [ view_parse ] --START--
INFO: Run ParseTemplate Behavior [ RunTime:-0.000580s ]
INFO: [ view_parse ] --END-- [ RunTime:0.011857s ]
INFO: [ view_filter ] --START--
INFO: Run ContentReplace Behavior [ RunTime:-0.012514s ]
INFO: Run TokenBuild Behavior [ RunTime:-0.012993s ]
INFO: Run WriteHtmlCache Behavior [ RunTime:-0.013443s ]
INFO: Run ShowRuntime Behavior [ RunTime:-0.013753s ]
INFO: [ view_filter ] --END-- [ RunTime:0.001808s ]
INFO: [ view_end ] --START--
INFO: Run ShowPageTrace Behavior [ RunTime:-0.014421s ]
INFO: [ view_end ] --END-- [ RunTime:0.000633s ]

[ 2017-08-09T00:11:01+08:00 ] 127.0.0.1 /web/index.php?m=Login&a=login
INFO: [ app_begin ] --START--
INFO: Run ReadHtmlCache Behavior [ RunTime:0.000408s ]
INFO: [ app_begin ] --END-- [ RunTime:0.000486s ]
INFO: [ view_parse ] --START--
INFO: Run ParseTemplate Behavior [ RunTime:-0.000610s ]
INFO: [ view_parse ] --END-- [ RunTime:0.006591s ]
INFO: [ view_filter ] --START--
INFO: Run ContentReplace Behavior [ RunTime:-0.007244s ]
INFO: Run TokenBuild Behavior [ RunTime:-0.007588s ]
INFO: Run WriteHtmlCache Behavior [ RunTime:-0.007921s ]
INFO: Run ShowRuntime Behavior [ RunTime:-0.008151s ]
INFO: [ view_filter ] --END-- [ RunTime:0.001329s ]
INFO: [ view_end ] --START--
INFO: Run ShowPageTrace Behavior [ RunTime:-0.008643s ]
INFO: [ view_end ] --END-- [ RunTime:0.000464s ]

[ 2017-08-09T00:11:35+08:00 ] 127.0.0.1 /web/index.php?m=Login&a=login
INFO: [ app_begin ] --START--
INFO: Run ReadHtmlCache Behavior [ RunTime:0.000453s ]
INFO: [ app_begin ] --END-- [ RunTime:0.000538s ]
INFO: [ view_parse ] --START--
INFO: Run ParseTemplate Behavior [ RunTime:-0.000607s ]
INFO: [ view_parse ] --END-- [ RunTime:0.009505s ]
INFO: [ view_filter ] --START--
INFO: Run ContentReplace Behavior [ RunTime:-0.010158s ]
INFO: Run TokenBuild Behavior [ RunTime:-0.010480s ]
INFO: Run WriteHtmlCache Behavior [ RunTime:-0.010804s ]
INFO: Run ShowRuntime Behavior [ RunTime:-0.011027s ]
INFO: [ view_filter ] --END-- [ RunTime:0.001273s ]
INFO: [ view_end ] --START--
INFO: Run ShowPageTrace Behavior [ RunTime:-0.011501s ]
INFO: [ view_end ] --END-- [ RunTime:0.000475s ]

[ 2017-08-09T00:11:48+08:00 ] 127.0.0.1 /web/index.php?m=Login&a=login
INFO: [ app_begin ] --START--
INFO: Run ReadHtmlCache Behavior [ RunTime:0.000535s ]
INFO: [ app_begin ] --END-- [ RunTime:0.000626s ]
INFO: [ view_parse ] --START--
INFO: Run ParseTemplate Behavior [ RunTime:-0.000812s ]
INFO: [ view_parse ] --END-- [ RunTime:0.010144s ]
INFO: [ view_filter ] --START--
INFO: Run ContentReplace Behavior [ RunTime:-0.010998s ]
INFO: Run TokenBuild Behavior [ RunTime:-0.011389s ]
INFO: Run WriteHtmlCache Behavior [ RunTime:-0.011772s ]
INFO: Run ShowRuntime Behavior [ RunTime:-0.012051s ]
INFO: [ view_filter ] --END-- [ RunTime:0.001519s ]
INFO: [ view_end ] --START--
INFO: Run ShowPageTrace Behavior [ RunTime:-0.012589s ]
INFO: [ view_end ] --END-- [ RunTime:0.000519s ]

[ 2017-08-09T00:12:08+08:00 ] 127.0.0.1 /web/index.php?m=Login&a=login
INFO: [ app_begin ] --START--
INFO: Run ReadHtmlCache Behavior [ RunTime:0.000396s ]
INFO: [ app_begin ] --END-- [ RunTime:0.000473s ]
INFO: [ view_parse ] --START--
INFO: Run ParseTemplate Behavior [ RunTime:-0.000583s ]
INFO: [ view_parse ] --END-- [ RunTime:0.009594s ]
INFO: [ view_filter ] --START--
INFO: Run ContentReplace Behavior [ RunTime:-0.010220s ]
INFO: Run TokenBuild Behavior [ RunTime:-0.010553s ]
INFO: Run WriteHtmlCache Behavior [ RunTime:-0.010892s ]
INFO: Run ShowRuntime Behavior [ RunTime:-0.011122s ]
INFO: [ view_filter ] --END-- [ RunTime:0.001321s ]
INFO: [ view_end ] --START--
INFO: Run ShowPageTrace Behavior [ RunTime:-0.011611s ]
INFO: [ view_end ] --END-- [ RunTime:0.000473s ]

[ 2017-08-09T00:12:09+08:00 ] 127.0.0.1 /web/index.php?m=Login&a=reg
INFO: [ app_begin ] --START--
INFO: Run ReadHtmlCache Behavior [ RunTime:0.000400s ]
INFO: [ app_begin ] --END-- [ RunTime:0.000478s ]
INFO: [ view_parse ] --START--
INFO: Run ParseTemplate Behavior [ RunTime:-0.000633s ]
INFO: [ view_parse ] --END-- [ RunTime:0.007670s ]
INFO: [ view_filter ] --START--
INFO: Run ContentReplace Behavior [ RunTime:-0.008360s ]
INFO: Run TokenBuild Behavior [ RunTime:-0.008835s ]
INFO: Run WriteHtmlCache Behavior [ RunTime:-0.009203s ]
INFO: Run ShowRuntime Behavior [ RunTime:-0.009473s ]
INFO: [ view_filter ] --END-- [ RunTime:0.001579s ]
INFO: [ view_end ] --START--
INFO: Run ShowPageTrace Behavior [ RunTime:-0.010013s ]
INFO: [ view_end ] --END-- [ RunTime:0.000517s ]

[ 2017-08-09T00:12:38+08:00 ] 127.0.0.1 /web/index.php?m=Login&a=reg
INFO: [ app_begin ] --START--
INFO: Run ReadHtmlCache Behavior [ RunTime:0.000393s ]
INFO: [ app_begin ] --END-- [ RunTime:0.000470s ]
INFO: [ view_parse ] --START--
INFO: Run ParseTemplate Behavior [ RunTime:-0.000575s ]
INFO: [ view_parse ] --END-- [ RunTime:0.009669s ]
INFO: [ view_filter ] --START--
INFO: Run ContentReplace Behavior [ RunTime:-0.010288s ]
INFO: Run TokenBuild Behavior [ RunTime:-0.010634s ]
INFO: Run WriteHtmlCache Behavior [ RunTime:-0.011038s ]
INFO: Run ShowRuntime Behavior [ RunTime:-0.011272s ]
INFO: [ view_filter ] --END-- [ RunTime:0.001554s ]
INFO: [ view_end ] --START--
INFO: Run ShowPageTrace Behavior [ RunTime:-0.011952s ]
INFO: [ view_end ] --END-- [ RunTime:0.000789s ]

[ 2017-08-09T00:12:50+08:00 ] 127.0.0.1 /web/index.php?m=Login&a=reg
INFO: [ app_begin ] --START--
INFO: Run ReadHtmlCache Behavior [ RunTime:0.000491s ]
INFO: [ app_begin ] --END-- [ RunTime:0.000575s ]
INFO: [ view_parse ] --START--
INFO: Run ParseTemplate Behavior [ RunTime:-0.000741s ]
INFO: [ view_parse ] --END-- [ RunTime:0.011615s ]
INFO: [ view_filter ] --START--
INFO: Run ContentReplace Behavior [ RunTime:-0.012397s ]
INFO: Run TokenBuild Behavior [ RunTime:-0.012793s ]
INFO: Run WriteHtmlCache Behavior [ RunTime:-0.013170s ]
INFO: Run ShowRuntime Behavior [ RunTime:-0.013453s ]
INFO: [ view_filter ] --END-- [ RunTime:0.001525s ]
INFO: [ view_end ] --START--
INFO: Run ShowPageTrace Behavior [ RunTime:-0.013991s ]
INFO: [ view_end ] --END-- [ RunTime:0.000517s ]

[ 2017-08-09T00:12:55+08:00 ] 127.0.0.1 /web/index.php?m=Login&a=reg
INFO: [ app_begin ] --START--
INFO: Run ReadHtmlCache Behavior [ RunTime:0.000400s ]
INFO: [ app_begin ] --END-- [ RunTime:0.000479s ]
INFO: [ view_parse ] --START--
INFO: Run ParseTemplate Behavior [ RunTime:-0.000770s ]
INFO: [ view_parse ] --END-- [ RunTime:0.007892s ]
INFO: [ view_filter ] --START--
INFO: Run ContentReplace Behavior [ RunTime:-0.008705s ]
INFO: Run TokenBuild Behavior [ RunTime:-0.009065s ]
INFO: Run WriteHtmlCache Behavior [ RunTime:-0.009411s ]
INFO: Run ShowRuntime Behavior [ RunTime:-0.009656s ]
INFO: [ view_filter ] --END-- [ RunTime:0.001387s ]
INFO: [ view_end ] --START--
INFO: Run ShowPageTrace Behavior [ RunTime:-0.010201s ]
INFO: [ view_end ] --END-- [ RunTime:0.000591s ]

[ 2017-08-09T00:12:56+08:00 ] 127.0.0.1 /web/index.php?m=Login&a=reg
INFO: [ app_begin ] --START--
INFO: Run ReadHtmlCache Behavior [ RunTime:0.000432s ]
INFO: [ app_begin ] --END-- [ RunTime:0.000512s ]
INFO: [ view_parse ] --START--
INFO: Run ParseTemplate Behavior [ RunTime:-0.000587s ]
INFO: [ view_parse ] --END-- [ RunTime:0.007148s ]
INFO: [ view_filter ] --START--
INFO: Run ContentReplace Behavior [ RunTime:-0.007834s ]
INFO: Run TokenBuild Behavior [ RunTime:-0.008256s ]
INFO: Run WriteHtmlCache Behavior [ RunTime:-0.008785s ]
INFO: Run ShowRuntime Behavior [ RunTime:-0.009196s ]
INFO: [ view_filter ] --END-- [ RunTime:0.002007s ]
INFO: [ view_end ] --START--
INFO: Run ShowPageTrace Behavior [ RunTime:-0.009899s ]
INFO: [ view_end ] --END-- [ RunTime:0.000528s ]

[ 2017-08-09T00:12:57+08:00 ] 127.0.0.1 /web/index.php?m=Login&a=reg
INFO: [ app_begin ] --START--
INFO: Run ReadHtmlCache Behavior [ RunTime:0.000412s ]
INFO: [ app_begin ] --END-- [ RunTime:0.000493s ]
INFO: [ view_parse ] --START--
INFO: Run ParseTemplate Behavior [ RunTime:-0.000585s ]
INFO: [ view_parse ] --END-- [ RunTime:0.007562s ]
INFO: [ view_filter ] --START--
INFO: Run ContentReplace Behavior [ RunTime:-0.008191s ]
INFO: Run TokenBuild Behavior [ RunTime:-0.008566s ]
INFO: Run WriteHtmlCache Behavior [ RunTime:-0.008931s ]
INFO: Run ShowRuntime Behavior [ RunTime:-0.009177s ]
INFO: [ view_filter ] --END-- [ RunTime:0.001420s ]
INFO: [ view_end ] --START--
INFO: Run ShowPageTrace Behavior [ RunTime:-0.009682s ]
INFO: [ view_end ] --END-- [ RunTime:0.000485s ]

[ 2017-08-09T00:12:58+08:00 ] 127.0.0.1 /web/index.php?m=Login&a=reg
INFO: [ app_begin ] --START--
INFO: Run ReadHtmlCache Behavior [ RunTime:0.000539s ]
INFO: [ app_begin ] --END-- [ RunTime:0.000648s ]
INFO: [ view_parse ] --START--
INFO: Run ParseTemplate Behavior [ RunTime:-0.000912s ]
INFO: [ view_parse ] --END-- [ RunTime:0.007879s ]
INFO: [ view_filter ] --START--
INFO: Run ContentReplace Behavior [ RunTime:-0.008822s ]
INFO: Run TokenBuild Behavior [ RunTime:-0.009184s ]
INFO: Run WriteHtmlCache Behavior [ RunTime:-0.009518s ]
INFO: Run ShowRuntime Behavior [ RunTime:-0.009775s ]
INFO: [ view_filter ] --END-- [ RunTime:0.001373s ]
INFO: [ view_end ] --START--
INFO: Run ShowPageTrace Behavior [ RunTime:-0.010289s ]
INFO: [ view_end ] --END-- [ RunTime:0.000478s ]

[ 2017-08-09T00:13:11+08:00 ] 127.0.0.1 /web/index.php?m=Login&a=reg
INFO: [ app_begin ] --START--
INFO: Run ReadHtmlCache Behavior [ RunTime:0.000389s ]
INFO: [ app_begin ] --END-- [ RunTime:0.000463s ]
INFO: [ view_parse ] --START--
INFO: Run ParseTemplate Behavior [ RunTime:-0.000566s ]
INFO: [ view_parse ] --END-- [ RunTime:0.010084s ]
INFO: [ view_filter ] --START--
INFO: Run ContentReplace Behavior [ RunTime:-0.010694s ]
INFO: Run TokenBuild Behavior [ RunTime:-0.011037s ]
INFO: Run WriteHtmlCache Behavior [ RunTime:-0.011367s ]
INFO: Run ShowRuntime Behavior [ RunTime:-0.011599s ]
INFO: [ view_filter ] --END-- [ RunTime:0.001325s ]
INFO: [ view_end ] --START--
INFO: Run ShowPageTrace Behavior [ RunTime:-0.012089s ]
INFO: [ view_end ] --END-- [ RunTime:0.000463s ]

[ 2017-08-09T00:13:12+08:00 ] 127.0.0.1 /web/index.php?m=Login&a=login
INFO: [ app_begin ] --START--
INFO: Run ReadHtmlCache Behavior [ RunTime:0.000474s ]
INFO: [ app_begin ] --END-- [ RunTime:0.000580s ]
INFO: [ view_parse ] --START--
INFO: Run ParseTemplate Behavior [ RunTime:-0.000700s ]
INFO: [ view_parse ] --END-- [ RunTime:0.006823s ]
INFO: [ view_filter ] --START--
INFO: Run ContentReplace Behavior [ RunTime:-0.007560s ]
INFO: Run TokenBuild Behavior [ RunTime:-0.007933s ]
INFO: Run WriteHtmlCache Behavior [ RunTime:-0.008289s ]
INFO: Run ShowRuntime Behavior [ RunTime:-0.008564s ]
INFO: [ view_filter ] --END-- [ RunTime:0.001537s ]
INFO: [ view_end ] --START--
INFO: Run ShowPageTrace Behavior [ RunTime:-0.009223s ]
INFO: [ view_end ] --END-- [ RunTime:0.000825s ]

[ 2017-08-09T00:13:13+08:00 ] 127.0.0.1 /web/index.php?m=Login&a=reg
INFO: [ app_begin ] --START--
INFO: Run ReadHtmlCache Behavior [ RunTime:0.000750s ]
INFO: [ app_begin ] --END-- [ RunTime:0.000909s ]
INFO: [ view_parse ] --START--
INFO: Run ParseTemplate Behavior [ RunTime:-0.001069s ]
INFO: [ view_parse ] --END-- [ RunTime:0.007331s ]
INFO: [ view_filter ] --START--
INFO: Run ContentReplace Behavior [ RunTime:-0.008421s ]
INFO: Run TokenBuild Behavior [ RunTime:-0.008806s ]
INFO: Run WriteHtmlCache Behavior [ RunTime:-0.009155s ]
INFO: Run ShowRuntime Behavior [ RunTime:-0.009388s ]
INFO: [ view_filter ] --END-- [ RunTime:0.001402s ]
INFO: [ view_end ] --START--
INFO: Run ShowPageTrace Behavior [ RunTime:-0.009896s ]
INFO: [ view_end ] --END-- [ RunTime:0.000471s ]

[ 2017-08-09T00:13:22+08:00 ] 127.0.0.1 /web/index.php?m=Login&a=login
INFO: [ app_begin ] --START--
INFO: Run ReadHtmlCache Behavior [ RunTime:0.000397s ]
INFO: [ app_begin ] --END-- [ RunTime:0.000474s ]
INFO: [ view_parse ] --START--
INFO: Run ParseTemplate Behavior [ RunTime:-0.000594s ]
INFO: [ view_parse ] --END-- [ RunTime:0.006076s ]
INFO: [ view_filter ] --START--
INFO: Run ContentReplace Behavior [ RunTime:-0.006709s ]
INFO: Run TokenBuild Behavior [ RunTime:-0.007041s ]
INFO: Run WriteHtmlCache Behavior [ RunTime:-0.007371s ]
INFO: Run ShowRuntime Behavior [ RunTime:-0.007605s ]
INFO: [ view_filter ] --END-- [ RunTime:0.001315s ]
INFO: [ view_end ] --START--
INFO: Run ShowPageTrace Behavior [ RunTime:-0.008094s ]
INFO: [ view_end ] --END-- [ RunTime:0.000459s ]

[ 2017-08-09T00:13:23+08:00 ] 127.0.0.1 /web/index.php?m=Login&a=reg
INFO: [ app_begin ] --START--
INFO: Run ReadHtmlCache Behavior [ RunTime:0.000605s ]
INFO: [ app_begin ] --END-- [ RunTime:0.000714s ]
INFO: [ view_parse ] --START--
INFO: Run ParseTemplate Behavior [ RunTime:-0.000775s ]
INFO: [ view_parse ] --END-- [ RunTime:0.006295s ]
INFO: [ view_filter ] --START--
INFO: Run ContentReplace Behavior [ RunTime:-0.007111s ]
INFO: Run TokenBuild Behavior [ RunTime:-0.007459s ]
INFO: Run WriteHtmlCache Behavior [ RunTime:-0.007802s ]
INFO: Run ShowRuntime Behavior [ RunTime:-0.008036s ]
INFO: [ view_filter ] --END-- [ RunTime:0.001439s ]
INFO: [ view_end ] --START--
INFO: Run ShowPageTrace Behavior [ RunTime:-0.008664s ]
INFO: [ view_end ] --END-- [ RunTime:0.000641s ]

[ 2017-08-09T00:13:24+08:00 ] 127.0.0.1 /web/index.php?m=Search&a=search&key=role
INFO: [ app_begin ] --START--
INFO: Run ReadHtmlCache Behavior [ RunTime:0.000399s ]
INFO: [ app_begin ] --END-- [ RunTime:0.000479s ]
INFO: [ view_parse ] --START--
INFO: Run ParseTemplate Behavior [ RunTime:-0.000665s ]
INFO: [ view_parse ] --END-- [ RunTime:0.014262s ]
INFO: [ view_filter ] --START--
INFO: Run ContentReplace Behavior [ RunTime:-0.014974s ]
INFO: Run TokenBuild Behavior [ RunTime:-0.015345s ]
INFO: Run WriteHtmlCache Behavior [ RunTime:-0.015679s ]
INFO: Run ShowRuntime Behavior [ RunTime:-0.015919s ]
INFO: [ view_filter ] --END-- [ RunTime:0.001370s ]
INFO: [ view_end ] --START--
INFO: Run ShowPageTrace Behavior [ RunTime:-0.016417s ]
INFO: [ view_end ] --END-- [ RunTime:0.000483s ]

[ 2017-08-09T00:13:27+08:00 ] 127.0.0.1 /web/index.php?m=Search&a=search&key=role
INFO: [ app_begin ] --START--
INFO: Run ReadHtmlCache Behavior [ RunTime:0.000398s ]
INFO: [ app_begin ] --END-- [ RunTime:0.000476s ]
INFO: [ view_parse ] --START--
INFO: Run ParseTemplate Behavior [ RunTime:-0.000608s ]
INFO: [ view_parse ] --END-- [ RunTime:0.013575s ]
INFO: [ view_filter ] --START--
INFO: Run ContentReplace Behavior [ RunTime:-0.014228s ]
INFO: Run TokenBuild Behavior [ RunTime:-0.014593s ]
INFO: Run WriteHtmlCache Behavior [ RunTime:-0.014943s ]
INFO: Run ShowRuntime Behavior [ RunTime:-0.015180s ]
INFO: [ view_filter ] --END-- [ RunTime:0.001380s ]
INFO: [ view_end ] --START--
INFO: Run ShowPageTrace Behavior [ RunTime:-0.015695s ]
INFO: [ view_end ] --END-- [ RunTime:0.000493s ]

[ 2017-08-09T00:13:31+08:00 ] 127.0.0.1 /web/index.php?m=Search&a=search&key=role
INFO: [ app_begin ] --START--
INFO: Run ReadHtmlCache Behavior [ RunTime:0.000398s ]
INFO: [ app_begin ] --END-- [ RunTime:0.000477s ]
INFO: [ view_parse ] --START--
INFO: Run ParseTemplate Behavior [ RunTime:-0.000605s ]
INFO: [ view_parse ] --END-- [ RunTime:0.013899s ]
INFO: [ view_filter ] --START--
INFO: Run ContentReplace Behavior [ RunTime:-0.014589s ]
INFO: Run TokenBuild Behavior [ RunTime:-0.014996s ]
INFO: Run WriteHtmlCache Behavior [ RunTime:-0.015336s ]
INFO: Run ShowRuntime Behavior [ RunTime:-0.015580s ]
INFO: [ view_filter ] --END-- [ RunTime:0.001429s ]
INFO: [ view_end ] --START--
INFO: Run ShowPageTrace Behavior [ RunTime:-0.016076s ]
INFO: [ view_end ] --END-- [ RunTime:0.000462s ]

[ 2017-08-09T00:13:33+08:00 ] 127.0.0.1 /web/index.php?m=Search&a=search&key=role
INFO: [ app_begin ] --START--
INFO: Run ReadHtmlCache Behavior [ RunTime:0.000403s ]
INFO: [ app_begin ] --END-- [ RunTime:0.000481s ]
INFO: [ view_parse ] --START--
INFO: Run ParseTemplate Behavior [ RunTime:-0.000595s ]
INFO: [ view_parse ] --END-- [ RunTime:0.014164s ]
INFO: [ view_filter ] --START--
INFO: Run ContentReplace Behavior [ RunTime:-0.014803s ]
INFO: Run TokenBuild Behavior [ RunTime:-0.015164s ]
INFO: Run WriteHtmlCache Behavior [ RunTime:-0.015496s ]
INFO: Run ShowRuntime Behavior [ RunTime:-0.015729s ]
INFO: [ view_filter ] --END-- [ RunTime:0.001351s ]
INFO: [ view_end ] --START--
INFO: Run ShowPageTrace Behavior [ RunTime:-0.016226s ]
INFO: [ view_end ] --END-- [ RunTime:0.000462s ]

[ 2017-08-09T00:14:24+08:00 ] 127.0.0.1 /web/index.php?m=Search&a=search&key=role
INFO: [ app_begin ] --START--
INFO: Run ReadHtmlCache Behavior [ RunTime:0.000390s ]
INFO: [ app_begin ] --END-- [ RunTime:0.000464s ]
INFO: [ view_parse ] --START--
INFO: Run ParseTemplate Behavior [ RunTime:-0.000586s ]
INFO: [ view_parse ] --END-- [ RunTime:0.012097s ]
INFO: [ view_filter ] --START--
INFO: Run ContentReplace Behavior [ RunTime:-0.012728s ]
INFO: Run TokenBuild Behavior [ RunTime:-0.013084s ]
INFO: Run WriteHtmlCache Behavior [ RunTime:-0.013414s ]
INFO: Run ShowRuntime Behavior [ RunTime:-0.013645s ]
INFO: [ view_filter ] --END-- [ RunTime:0.001337s ]
INFO: [ view_end ] --START--
INFO: Run ShowPageTrace Behavior [ RunTime:-0.014133s ]
INFO: [ view_end ] --END-- [ RunTime:0.000459s ]

[ 2017-08-09T00:14:29+08:00 ] 127.0.0.1 /web/index.php?m=Search&a=search&key=role
INFO: [ app_begin ] --START--
INFO: Run ReadHtmlCache Behavior [ RunTime:0.000538s ]
INFO: [ app_begin ] --END-- [ RunTime:0.000636s ]
INFO: [ view_parse ] --START--
INFO: Run ParseTemplate Behavior [ RunTime:-0.001349s ]
INFO: [ view_parse ] --END-- [ RunTime:0.013223s ]
INFO: [ view_filter ] --START--
INFO: Run ContentReplace Behavior [ RunTime:-0.014606s ]
INFO: Run TokenBuild Behavior [ RunTime:-0.015053s ]
INFO: Run WriteHtmlCache Behavior [ RunTime:-0.015472s ]
INFO: Run ShowRuntime Behavior [ RunTime:-0.015802s ]
INFO: [ view_filter ] --END-- [ RunTime:0.001675s ]
INFO: [ view_end ] --START--
INFO: Run ShowPageTrace Behavior [ RunTime:-0.016354s ]
INFO: [ view_end ] --END-- [ RunTime:0.000518s ]

[ 2017-08-09T00:14:32+08:00 ] 127.0.0.1 /web/index.php?m=Login&a=reg
INFO: [ app_begin ] --START--
INFO: Run ReadHtmlCache Behavior [ RunTime:0.000613s ]
INFO: [ app_begin ] --END-- [ RunTime:0.000739s ]
INFO: [ view_parse ] --START--
INFO: Run ParseTemplate Behavior [ RunTime:-0.001113s ]
INFO: [ view_parse ] --END-- [ RunTime:0.007251s ]
INFO: [ view_filter ] --START--
INFO: Run ContentReplace Behavior [ RunTime:-0.008392s ]
INFO: Run TokenBuild Behavior [ RunTime:-0.008785s ]
INFO: Run WriteHtmlCache Behavior [ RunTime:-0.009138s ]
INFO: Run ShowRuntime Behavior [ RunTime:-0.009373s ]
INFO: [ view_filter ] --END-- [ RunTime:0.001410s ]
INFO: [ view_end ] --START--
INFO: Run ShowPageTrace Behavior [ RunTime:-0.009876s ]
INFO: [ view_end ] --END-- [ RunTime:0.000487s ]

[ 2017-08-09T00:14:34+08:00 ] 127.0.0.1 /web/index.php?m=Login&a=login
INFO: [ app_begin ] --START--
INFO: Run ReadHtmlCache Behavior [ RunTime:0.000401s ]
INFO: [ app_begin ] --END-- [ RunTime:0.000482s ]
INFO: [ view_parse ] --START--
INFO: Run ParseTemplate Behavior [ RunTime:-0.000773s ]
INFO: [ view_parse ] --END-- [ RunTime:0.007775s ]
INFO: [ view_filter ] --START--
INFO: Run ContentReplace Behavior [ RunTime:-0.008590s ]
INFO: Run TokenBuild Behavior [ RunTime:-0.008960s ]
INFO: Run WriteHtmlCache Behavior [ RunTime:-0.009304s ]
INFO: Run ShowRuntime Behavior [ RunTime:-0.009537s ]
INFO: [ view_filter ] --END-- [ RunTime:0.001370s ]
INFO: [ view_end ] --START--
INFO: Run ShowPageTrace Behavior [ RunTime:-0.010033s ]
INFO: [ view_end ] --END-- [ RunTime:0.000467s ]

[ 2017-08-09T00:14:38+08:00 ] 127.0.0.1 /web/index.php?m=Search&a=search&key=role
INFO: [ app_begin ] --START--
INFO: Run ReadHtmlCache Behavior [ RunTime:0.000480s ]
INFO: [ app_begin ] --END-- [ RunTime:0.000568s ]
INFO: [ view_parse ] --START--
INFO: Run ParseTemplate Behavior [ RunTime:-0.000657s ]
INFO: [ view_parse ] --END-- [ RunTime:0.012748s ]
INFO: [ view_filter ] --START--
INFO: Run ContentReplace Behavior [ RunTime:-0.013446s ]
INFO: Run TokenBuild Behavior [ RunTime:-0.013846s ]
INFO: Run WriteHtmlCache Behavior [ RunTime:-0.014203s ]
INFO: Run ShowRuntime Behavior [ RunTime:-0.014474s ]
INFO: [ view_filter ] --END-- [ RunTime:0.001528s ]
INFO: [ view_end ] --START--
INFO: Run ShowPageTrace Behavior [ RunTime:-0.015094s ]
INFO: [ view_end ] --END-- [ RunTime:0.000549s ]

[ 2017-08-09T00:14:39+08:00 ] 127.0.0.1 /web/index.php?m=Search&a=search&key=role
INFO: [ app_begin ] --START--
INFO: Run ReadHtmlCache Behavior [ RunTime:0.000417s ]
INFO: [ app_begin ] --END-- [ RunTime:0.000505s ]
INFO: [ view_parse ] --START--
INFO: Run ParseTemplate Behavior [ RunTime:-0.000617s ]
INFO: [ view_parse ] --END-- [ RunTime:0.012959s ]
INFO: [ view_filter ] --START--
INFO: Run ContentReplace Behavior [ RunTime:-0.013619s ]
INFO: Run TokenBuild Behavior [ RunTime:-0.013977s ]
INFO: Run WriteHtmlCache Behavior [ RunTime:-0.014310s ]
INFO: Run ShowRuntime Behavior [ RunTime:-0.014537s ]
INFO: [ view_filter ] --END-- [ RunTime:0.001339s ]
INFO: [ view_end ] --START--
INFO: Run ShowPageTrace Behavior [ RunTime:-0.015028s ]
INFO: [ view_end ] --END-- [ RunTime:0.000459s ]

[ 2017-08-09T00:14:40+08:00 ] 127.0.0.1 /web/index.php?m=Search&a=search&key=role
INFO: [ app_begin ] --START--
INFO: Run ReadHtmlCache Behavior [ RunTime:0.000408s ]
INFO: [ app_begin ] --END-- [ RunTime:0.000487s ]
INFO: [ view_parse ] --START--
INFO: Run ParseTemplate Behavior [ RunTime:-0.000598s ]
INFO: [ view_parse ] --END-- [ RunTime:0.013650s ]
INFO: [ view_filter ] --START--
INFO: Run ContentReplace Behavior [ RunTime:-0.014292s ]
INFO: Run TokenBuild Behavior [ RunTime:-0.014651s ]
INFO: Run WriteHtmlCache Behavior [ RunTime:-0.014982s ]
INFO: Run ShowRuntime Behavior [ RunTime:-0.015211s ]
INFO: [ view_filter ] --END-- [ RunTime:0.001337s ]
INFO: [ view_end ] --START--
INFO: Run ShowPageTrace Behavior [ RunTime:-0.015705s ]
INFO: [ view_end ] --END-- [ RunTime:0.000481s ]

[ 2017-08-09T00:24:21+08:00 ] 127.0.0.1 /web/index.php?m=Search&a=search&key=role
INFO: [ app_begin ] --START--
INFO: Run ReadHtmlCache Behavior [ RunTime:0.000500s ]
INFO: [ app_begin ] --END-- [ RunTime:0.000580s ]
INFO: [ view_parse ] --START--
INFO: Run ParseTemplate Behavior [ RunTime:-0.000785s ]
INFO: [ view_parse ] --END-- [ RunTime:0.013239s ]
INFO: [ view_filter ] --START--
INFO: Run ContentReplace Behavior [ RunTime:-0.014071s ]
INFO: Run TokenBuild Behavior [ RunTime:-0.014543s ]
INFO: Run WriteHtmlCache Behavior [ RunTime:-0.014940s ]
INFO: Run ShowRuntime Behavior [ RunTime:-0.015228s ]
INFO: [ view_filter ] --END-- [ RunTime:0.001644s ]
INFO: [ view_end ] --START--
INFO: Run ShowPageTrace Behavior [ RunTime:-0.015786s ]
INFO: [ view_end ] --END-- [ RunTime:0.000512s ]

[ 2017-08-09T00:24:22+08:00 ] 127.0.0.1 /web/index.php?m=Search&a=search&key=role
INFO: [ app_begin ] --START--
INFO: Run ReadHtmlCache Behavior [ RunTime:0.000561s ]
INFO: [ app_begin ] --END-- [ RunTime:0.000677s ]
INFO: [ view_parse ] --START--
INFO: Run ParseTemplate Behavior [ RunTime:-0.000900s ]
INFO: [ view_parse ] --END-- [ RunTime:0.014452s ]
INFO: [ view_filter ] --START--
INFO: Run ContentReplace Behavior [ RunTime:-0.015386s ]
INFO: Run TokenBuild Behavior [ RunTime:-0.015769s ]
INFO: Run WriteHtmlCache Behavior [ RunTime:-0.016107s ]
INFO: Run ShowRuntime Behavior [ RunTime:-0.016337s ]
INFO: [ view_filter ] --END-- [ RunTime:0.001379s ]
INFO: [ view_end ] --START--
INFO: Run ShowPageTrace Behavior [ RunTime:-0.016837s ]
INFO: [ view_end ] --END-- [ RunTime:0.000462s ]

[ 2017-08-09T00:24:23+08:00 ] 127.0.0.1 /web/index.php?m=Search&a=search&key=role
INFO: [ app_begin ] --START--
INFO: Run ReadHtmlCache Behavior [ RunTime:0.000407s ]
INFO: [ app_begin ] --END-- [ RunTime:0.000486s ]
INFO: [ view_parse ] --START--
INFO: Run ParseTemplate Behavior [ RunTime:-0.000613s ]
INFO: [ view_parse ] --END-- [ RunTime:0.012929s ]
INFO: [ view_filter ] --START--
INFO: Run ContentReplace Behavior [ RunTime:-0.013619s ]
INFO: Run TokenBuild Behavior [ RunTime:-0.014139s ]
INFO: Run WriteHtmlCache Behavior [ RunTime:-0.014577s ]
INFO: Run ShowRuntime Behavior [ RunTime:-0.014844s ]
INFO: [ view_filter ] --END-- [ RunTime:0.001687s ]
INFO: [ view_end ] --START--
INFO: Run ShowPageTrace Behavior [ RunTime:-0.015398s ]
INFO: [ view_end ] --END-- [ RunTime:0.000488s ]

[ 2017-08-09T00:24:24+08:00 ] 127.0.0.1 /web/index.php?m=Search&a=search&key=scene
INFO: [ app_begin ] --START--
INFO: Run ReadHtmlCache Behavior [ RunTime:0.000419s ]
INFO: [ app_begin ] --END-- [ RunTime:0.000501s ]
INFO: [ view_parse ] --START--
INFO: Run ParseTemplate Behavior [ RunTime:-0.000625s ]
INFO: [ view_parse ] --END-- [ RunTime:0.013673s ]
INFO: [ view_filter ] --START--
INFO: Run ContentReplace Behavior [ RunTime:-0.014342s ]
INFO: Run TokenBuild Behavior [ RunTime:-0.014708s ]
INFO: Run WriteHtmlCache Behavior [ RunTime:-0.015049s ]
INFO: Run ShowRuntime Behavior [ RunTime:-0.015284s ]
INFO: [ view_filter ] --END-- [ RunTime:0.001365s ]
INFO: [ view_end ] --START--
INFO: Run ShowPageTrace Behavior [ RunTime:-0.015779s ]
INFO: [ view_end ] --END-- [ RunTime:0.000464s ]

[ 2017-08-09T00:24:25+08:00 ] 127.0.0.1 /web/index.php?m=Search&a=search&key=weapon
INFO: [ app_begin ] --START--
INFO: Run ReadHtmlCache Behavior [ RunTime:0.000405s ]
INFO: [ app_begin ] --END-- [ RunTime:0.000485s ]
INFO: [ view_parse ] --START--
INFO: Run ParseTemplate Behavior [ RunTime:-0.000609s ]
INFO: [ view_parse ] --END-- [ RunTime:0.013082s ]
INFO: [ view_filter ] --START--
INFO: Run ContentReplace Behavior [ RunTime:-0.013732s ]
INFO: Run TokenBuild Behavior [ RunTime:-0.014118s ]
INFO: Run WriteHtmlCache Behavior [ RunTime:-0.014479s ]
INFO: Run ShowRuntime Behavior [ RunTime:-0.014720s ]
INFO: [ view_filter ] --END-- [ RunTime:0.001436s ]
INFO: [ view_end ] --START--
INFO: Run ShowPageTrace Behavior [ RunTime:-0.015240s ]
INFO: [ view_end ] --END-- [ RunTime:0.000496s ]

[ 2017-08-09T00:24:27+08:00 ] 127.0.0.1 /web/index.php?m=Search&a=search&key=other
INFO: [ app_begin ] --START--
INFO: Run ReadHtmlCache Behavior [ RunTime:0.000399s ]
INFO: [ app_begin ] --END-- [ RunTime:0.000478s ]
INFO: [ view_parse ] --START--
INFO: Run ParseTemplate Behavior [ RunTime:-0.000610s ]
INFO: [ view_parse ] --END-- [ RunTime:0.013371s ]
INFO: [ view_filter ] --START--
INFO: Run ContentReplace Behavior [ RunTime:-0.014032s ]
INFO: Run TokenBuild Behavior [ RunTime:-0.014400s ]
INFO: Run WriteHtmlCache Behavior [ RunTime:-0.014735s ]
INFO: Run ShowRuntime Behavior [ RunTime:-0.014966s ]
INFO: [ view_filter ] --END-- [ RunTime:0.001362s ]
INFO: [ view_end ] --START--
INFO: Run ShowPageTrace Behavior [ RunTime:-0.015465s ]
INFO: [ view_end ] --END-- [ RunTime:0.000462s ]

[ 2017-08-09T00:24:28+08:00 ] 127.0.0.1 /web/index.php?m=Login&a=reg
INFO: [ app_begin ] --START--
INFO: Run ReadHtmlCache Behavior [ RunTime:0.000404s ]
INFO: [ app_begin ] --END-- [ RunTime:0.000484s ]
INFO: [ view_parse ] --START--
INFO: Run ParseTemplate Behavior [ RunTime:-0.000647s ]
INFO: [ view_parse ] --END-- [ RunTime:0.007170s ]
INFO: [ view_filter ] --START--
INFO: Run ContentReplace Behavior [ RunTime:-0.007862s ]
INFO: Run TokenBuild Behavior [ RunTime:-0.008213s ]
INFO: Run WriteHtmlCache Behavior [ RunTime:-0.008551s ]
INFO: Run ShowRuntime Behavior [ RunTime:-0.008783s ]
INFO: [ view_filter ] --END-- [ RunTime:0.001352s ]
INFO: [ view_end ] --START--
INFO: Run ShowPageTrace Behavior [ RunTime:-0.009289s ]
INFO: [ view_end ] --END-- [ RunTime:0.000466s ]

[ 2017-08-09T00:24:29+08:00 ] 127.0.0.1 /web/index.php?m=Login&a=login
INFO: [ app_begin ] --START--
INFO: Run ReadHtmlCache Behavior [ RunTime:0.000588s ]
INFO: [ app_begin ] --END-- [ RunTime:0.000703s ]
INFO: [ view_parse ] --START--
INFO: Run ParseTemplate Behavior [ RunTime:-0.000673s ]
INFO: [ view_parse ] --END-- [ RunTime:0.007278s ]
INFO: [ view_filter ] --START--
INFO: Run ContentReplace Behavior [ RunTime:-0.007994s ]
INFO: Run TokenBuild Behavior [ RunTime:-0.008399s ]
INFO: Run WriteHtmlCache Behavior [ RunTime:-0.008763s ]
INFO: Run ShowRuntime Behavior [ RunTime:-0.009051s ]
INFO: [ view_filter ] --END-- [ RunTime:0.001521s ]
INFO: [ view_end ] --START--
INFO: Run ShowPageTrace Behavior [ RunTime:-0.009588s ]
INFO: [ view_end ] --END-- [ RunTime:0.000481s ]

[ 2017-08-09T00:24:31+08:00 ] 127.0.0.1 /web/index.php?m=Login&a=reg
INFO: [ app_begin ] --START--
INFO: Run ReadHtmlCache Behavior [ RunTime:0.000395s ]
INFO: [ app_begin ] --END-- [ RunTime:0.000473s ]
INFO: [ view_parse ] --START--
INFO: Run ParseTemplate Behavior [ RunTime:-0.000658s ]
INFO: [ view_parse ] --END-- [ RunTime:0.007634s ]
INFO: [ view_filter ] --START--
INFO: Run ContentReplace Behavior [ RunTime:-0.008378s ]
INFO: Run TokenBuild Behavior [ RunTime:-0.008879s ]
INFO: Run WriteHtmlCache Behavior [ RunTime:-0.009380s ]
INFO: Run ShowRuntime Behavior [ RunTime:-0.009717s ]
INFO: [ view_filter ] --END-- [ RunTime:0.001985s ]
INFO: [ view_end ] --START--
INFO: Run ShowPageTrace Behavior [ RunTime:-0.010479s ]
INFO: [ view_end ] --END-- [ RunTime:0.000726s ]

[ 2017-08-09T00:24:33+08:00 ] 127.0.0.1 /web/index.php?m=Login&a=login
INFO: [ app_begin ] --START--
INFO: Run ReadHtmlCache Behavior [ RunTime:0.000541s ]
INFO: [ app_begin ] --END-- [ RunTime:0.000636s ]
INFO: [ view_parse ] --START--
INFO: Run ParseTemplate Behavior [ RunTime:-0.001005s ]
INFO: [ view_parse ] --END-- [ RunTime:0.007459s ]
INFO: [ view_filter ] --START--
INFO: Run ContentReplace Behavior [ RunTime:-0.008498s ]
INFO: Run TokenBuild Behavior [ RunTime:-0.008932s ]
INFO: Run WriteHtmlCache Behavior [ RunTime:-0.009322s ]
INFO: Run ShowRuntime Behavior [ RunTime:-0.009610s ]
INFO: [ view_filter ] --END-- [ RunTime:0.001599s ]
INFO: [ view_end ] --START--
INFO: Run ShowPageTrace Behavior [ RunTime:-0.010170s ]
INFO: [ view_end ] --END-- [ RunTime:0.000530s ]

[ 2017-08-09T00:24:34+08:00 ] 127.0.0.1 /web/index.php?m=Login&a=reg
INFO: [ app_begin ] --START--
INFO: Run ReadHtmlCache Behavior [ RunTime:0.000399s ]
INFO: [ app_begin ] --END-- [ RunTime:0.000477s ]
INFO: [ view_parse ] --START--
INFO: Run ParseTemplate Behavior [ RunTime:-0.000585s ]
INFO: [ view_parse ] --END-- [ RunTime:0.007434s ]
INFO: [ view_filter ] --START--
INFO: Run ContentReplace Behavior [ RunTime:-0.008068s ]
INFO: Run TokenBuild Behavior [ RunTime:-0.008548s ]
INFO: Run WriteHtmlCache Behavior [ RunTime:-0.009019s ]
INFO: Run ShowRuntime Behavior [ RunTime:-0.009284s ]
INFO: [ view_filter ] --END-- [ RunTime:0.001690s ]
INFO: [ view_end ] --START--
INFO: Run ShowPageTrace Behavior [ RunTime:-0.009848s ]
INFO: [ view_end ] --END-- [ RunTime:0.000540s ]

[ 2017-08-09T00:24:49+08:00 ] 127.0.0.1 /web/index.php?m=Login&a=reg
INFO: [ app_begin ] --START--
INFO: Run ReadHtmlCache Behavior [ RunTime:0.000387s ]
INFO: [ app_begin ] --END-- [ RunTime:0.000459s ]
INFO: [ view_parse ] --START--
INFO: Run ParseTemplate Behavior [ RunTime:-0.000571s ]
INFO: [ view_parse ] --END-- [ RunTime:0.010191s ]
INFO: [ view_filter ] --START--
INFO: Run ContentReplace Behavior [ RunTime:-0.010805s ]
INFO: Run TokenBuild Behavior [ RunTime:-0.011142s ]
INFO: Run WriteHtmlCache Behavior [ RunTime:-0.011473s ]
INFO: Run ShowRuntime Behavior [ RunTime:-0.011710s ]
INFO: [ view_filter ] --END-- [ RunTime:0.001327s ]
INFO: [ view_end ] --START--
INFO: Run ShowPageTrace Behavior [ RunTime:-0.012203s ]
INFO: [ view_end ] --END-- [ RunTime:0.000474s ]

